{"C:\\Users\\Riina\\KOOL TLU\\WaterMeterApp\\server\\src\\app.ts":{"path":"C:\\Users\\Riina\\KOOL TLU\\WaterMeterApp\\server\\src\\app.ts","statementMap":{"0":{"start":{"line":2,"column":22},"end":{"line":4,"column":1}},"1":{"start":{"line":3,"column":4},"end":{"line":3,"column":62}},"2":{"start":{"line":5,"column":0},"end":{"line":5,"column":62}},"3":{"start":{"line":6,"column":18},"end":{"line":6,"column":53}},"4":{"start":{"line":7,"column":29},"end":{"line":7,"column":88}},"5":{"start":{"line":8,"column":24},"end":{"line":8,"column":74}},"6":{"start":{"line":9,"column":22},"end":{"line":9,"column":70}},"7":{"start":{"line":10,"column":26},"end":{"line":10,"column":78}},"8":{"start":{"line":11,"column":27},"end":{"line":11,"column":80}},"9":{"start":{"line":12,"column":27},"end":{"line":12,"column":80}},"10":{"start":{"line":13,"column":24},"end":{"line":13,"column":90}},"11":{"start":{"line":14,"column":25},"end":{"line":14,"column":80}},"12":{"start":{"line":15,"column":20},"end":{"line":15,"column":59}},"13":{"start":{"line":16,"column":12},"end":{"line":16,"column":36}},"14":{"start":{"line":17,"column":26},"end":{"line":17,"column":45}},"15":{"start":{"line":18,"column":0},"end":{"line":18,"column":34}},"16":{"start":{"line":19,"column":0},"end":{"line":19,"column":38}},"17":{"start":{"line":21,"column":0},"end":{"line":21,"column":60}},"18":{"start":{"line":22,"column":0},"end":{"line":22,"column":54}},"19":{"start":{"line":23,"column":0},"end":{"line":23,"column":45}},"20":{"start":{"line":24,"column":0},"end":{"line":24,"column":51}},"21":{"start":{"line":25,"column":0},"end":{"line":25,"column":59}},"22":{"start":{"line":26,"column":0},"end":{"line":26,"column":62}},"23":{"start":{"line":27,"column":0},"end":{"line":27,"column":62}},"24":{"start":{"line":28,"column":0},"end":{"line":28,"column":22}}},"fnMap":{"0":{"name":"(anonymous_0)","decl":{"start":{"line":2,"column":56},"end":{"line":2,"column":57}},"loc":{"start":{"line":2,"column":71},"end":{"line":4,"column":1}},"line":2}},"branchMap":{"0":{"loc":{"start":{"line":2,"column":22},"end":{"line":4,"column":1}},"type":"binary-expr","locations":[{"start":{"line":2,"column":23},"end":{"line":2,"column":27}},{"start":{"line":2,"column":31},"end":{"line":2,"column":51}},{"start":{"line":2,"column":56},"end":{"line":4,"column":1}}],"line":2},"1":{"loc":{"start":{"line":3,"column":11},"end":{"line":3,"column":61}},"type":"cond-expr","locations":[{"start":{"line":3,"column":37},"end":{"line":3,"column":40}},{"start":{"line":3,"column":43},"end":{"line":3,"column":61}}],"line":3},"2":{"loc":{"start":{"line":3,"column":12},"end":{"line":3,"column":33}},"type":"binary-expr","locations":[{"start":{"line":3,"column":12},"end":{"line":3,"column":15}},{"start":{"line":3,"column":19},"end":{"line":3,"column":33}}],"line":3}},"s":{"0":1,"1":10,"2":1,"3":1,"4":1,"5":1,"6":1,"7":1,"8":1,"9":1,"10":1,"11":1,"12":1,"13":1,"14":1,"15":1,"16":1,"17":1,"18":1,"19":1,"20":1,"21":1,"22":1,"23":1,"24":1},"f":{"0":10},"b":{"0":[1,1,1],"1":[9,1],"2":[10,10]},"inputSourceMap":{"version":3,"file":"C:/Users/Riina/KOOL TLU/WaterMeterApp/server/src/app.ts","sources":["C:/Users/Riina/KOOL TLU/WaterMeterApp/server/src/app.ts"],"names":[],"mappings":";;;;;AAAA,sDAA2C;AAC3C,yFAAqD;AACrD,2EAAmD;AACnD,uEAA+C;AAC/C,+EAAuD;AACvD,iFAA0D;AAC1D,iFAAyD;AACzD,2FAAoE;AACpE,iFAAyD;AACzD,4DAAiC;AAEjC,MAAM,GAAG,GAAY,IAAA,iBAAO,GAAE,CAAC;AAC/B,MAAM,EAAE,IAAI,EAAE,OAAO,EAAE,GAAG,mBAAM,CAAC;AAEjC,GAAG,CAAC,GAAG,CAAC,iBAAO,CAAC,IAAI,EAAE,CAAC,CAAC;AACxB,GAAG,CAAC,GAAG,CAAC,4BAAM,CAAC,CAAC;AAEhB,2DAA2D;AAC3D,GAAG,CAAC,IAAI,CAAC,GAAG,OAAO,QAAQ,EAAE,uBAAc,CAAC,KAAK,CAAC,CAAC,CAAC,8EAA8E;AAClI,GAAG,CAAC,GAAG,CAAC,GAAG,OAAO,SAAS,EAAE,uBAAa,CAAC,CAAC;AAC5C,GAAG,CAAC,GAAG,CAAC,wBAAc,CAAC,UAAU,CAAC,CAAC,CAAC,8EAA8E;AAClH,GAAG,CAAC,GAAG,CAAC,GAAG,OAAO,QAAQ,EAAE,qBAAW,CAAC,CAAC;AACzC,GAAG,CAAC,GAAG,CAAC,GAAG,OAAO,YAAY,EAAE,yBAAe,CAAC,CAAC;AACjD,GAAG,CAAC,GAAG,CAAC,GAAG,OAAO,cAAc,EAAE,0BAAiB,CAAC,CAAC;AACrD,GAAG,CAAC,GAAG,CAAC,GAAG,OAAO,cAAc,EAAE,0BAAgB,CAAC,CAAC;AAEpD,kBAAe,GAAG,CAAC","sourcesContent":["import express, { Express } from \"express\";\r\nimport logger from './middleware/generalMiddlewares';\r\nimport generalRoutes from \"./routes/generalRoutes\";\r\nimport usersRoutes from \"./routes/usersRoutes\";\r\nimport addressesRoutes from \"./routes/addressesRoutes\";\r\nimport waterMetersRoutes from \"./routes/waterMeterRoutes\";\r\nimport waterUsageRoutes from \"./routes/waterUsageRoutes\";\r\nimport authController from \"./components/controllers/authContoller\";\r\nimport authMiddleware from \"./middleware/authMiddleWare\";\r\nimport config from './apiConfig';\r\n\r\nconst app: Express = express();\r\nconst { port, apiPath } = config;\r\n\r\napp.use(express.json());\r\napp.use(logger);\r\n\r\n//app.post(`${apiPath}/register`, authController.register);\r\napp.post(`${apiPath}/login`, authController.login); //TODO: välja kommenteeritud, et frondis ilma autentimiseta andmed kätte saaks\r\napp.use(`${apiPath}/health`, generalRoutes);\r\napp.use(authMiddleware.isLoggedIn); //TODO: välja kommenteeritud, et frondis ilma autentimiseta andmed kätte saaks\r\napp.use(`${apiPath}/users`, usersRoutes);\r\napp.use(`${apiPath}/addresses`, addressesRoutes);\r\napp.use(`${apiPath}/water-meter`, waterMetersRoutes);\r\napp.use(`${apiPath}/water-usage`, waterUsageRoutes);\r\n\r\nexport default app;"]},"_coverageSchema":"1a1c01bbd47fc00a2c39e90264f33305004495a9","hash":"76127ccd28a868d8431f4f43e67be4c5a64052ec","contentHash":"7c847ec37b670a215b30092bd713d58fc53c0dd950a896e3995d844c391b6542"},"C:\\Users\\Riina\\KOOL TLU\\WaterMeterApp\\server\\src\\middleware\\generalMiddlewares.ts":{"path":"C:\\Users\\Riina\\KOOL TLU\\WaterMeterApp\\server\\src\\middleware\\generalMiddlewares.ts","statementMap":{"0":{"start":{"line":2,"column":0},"end":{"line":2,"column":62}},"1":{"start":{"line":3,"column":15},"end":{"line":6,"column":1}},"2":{"start":{"line":4,"column":4},"end":{"line":4,"column":72}},"3":{"start":{"line":5,"column":4},"end":{"line":5,"column":11}},"4":{"start":{"line":7,"column":0},"end":{"line":7,"column":25}}},"fnMap":{"0":{"name":"(anonymous_0)","decl":{"start":{"line":3,"column":15},"end":{"line":3,"column":16}},"loc":{"start":{"line":3,"column":35},"end":{"line":6,"column":1}},"line":3}},"branchMap":{},"s":{"0":1,"1":1,"2":5,"3":5,"4":1},"f":{"0":5},"b":{},"inputSourceMap":{"version":3,"file":"C:/Users/Riina/KOOL TLU/WaterMeterApp/server/src/middleware/generalMiddlewares.ts","sources":["C:/Users/Riina/KOOL TLU/WaterMeterApp/server/src/middleware/generalMiddlewares.ts"],"names":[],"mappings":";;AAEA,MAAM,MAAM,GAAG,CAAC,GAAY,EAAE,GAAa,EAAE,IAAkB,EAAE,EAAE;IAC/D,OAAO,CAAC,GAAG,CAAC,GAAG,GAAG,CAAC,MAAM,IAAI,GAAG,CAAC,GAAG,IAAI,IAAI,IAAI,EAAE,CAAC,WAAW,EAAE,EAAE,CAAC,CAAC;IACpE,IAAI,EAAE,CAAC;AACX,CAAC,CAAC;AAEF,kBAAe,MAAM,CAAC","sourcesContent":["import { Request, Response, NextFunction } from 'express';\r\n\r\nconst logger = (req: Request, res: Response, next: NextFunction) => {\r\n    console.log(`${req.method} ${req.url} ${new Date().toISOString()}`);\r\n    next();\r\n};\r\n\r\nexport default logger;\r\n"]},"_coverageSchema":"1a1c01bbd47fc00a2c39e90264f33305004495a9","hash":"c062d942040fa94416e609d88d5b0cbca5ff139d","contentHash":"e5291617ab71fae65be06345ede4aba75f9e9e41577467cd322d65e1bc8d18bd"},"C:\\Users\\Riina\\KOOL TLU\\WaterMeterApp\\server\\src\\routes\\generalRoutes.ts":{"path":"C:\\Users\\Riina\\KOOL TLU\\WaterMeterApp\\server\\src\\routes\\generalRoutes.ts","statementMap":{"0":{"start":{"line":2,"column":22},"end":{"line":4,"column":1}},"1":{"start":{"line":3,"column":4},"end":{"line":3,"column":62}},"2":{"start":{"line":5,"column":0},"end":{"line":5,"column":62}},"3":{"start":{"line":6,"column":18},"end":{"line":6,"column":53}},"4":{"start":{"line":7,"column":29},"end":{"line":7,"column":101}},"5":{"start":{"line":8,"column":22},"end":{"line":8,"column":48}},"6":{"start":{"line":9,"column":0},"end":{"line":10,"column":51}},"7":{"start":{"line":11,"column":0},"end":{"line":11,"column":32}}},"fnMap":{"0":{"name":"(anonymous_0)","decl":{"start":{"line":2,"column":56},"end":{"line":2,"column":57}},"loc":{"start":{"line":2,"column":71},"end":{"line":4,"column":1}},"line":2}},"branchMap":{"0":{"loc":{"start":{"line":2,"column":22},"end":{"line":4,"column":1}},"type":"binary-expr","locations":[{"start":{"line":2,"column":23},"end":{"line":2,"column":27}},{"start":{"line":2,"column":31},"end":{"line":2,"column":51}},{"start":{"line":2,"column":56},"end":{"line":4,"column":1}}],"line":2},"1":{"loc":{"start":{"line":3,"column":11},"end":{"line":3,"column":61}},"type":"cond-expr","locations":[{"start":{"line":3,"column":37},"end":{"line":3,"column":40}},{"start":{"line":3,"column":43},"end":{"line":3,"column":61}}],"line":3},"2":{"loc":{"start":{"line":3,"column":12},"end":{"line":3,"column":33}},"type":"binary-expr","locations":[{"start":{"line":3,"column":12},"end":{"line":3,"column":15}},{"start":{"line":3,"column":19},"end":{"line":3,"column":33}}],"line":3}},"s":{"0":1,"1":2,"2":1,"3":1,"4":1,"5":1,"6":1,"7":1},"f":{"0":2},"b":{"0":[1,1,1],"1":[1,1],"2":[2,2]},"inputSourceMap":{"version":3,"file":"C:/Users/Riina/KOOL TLU/WaterMeterApp/server/src/routes/generalRoutes.ts","sources":["C:/Users/Riina/KOOL TLU/WaterMeterApp/server/src/routes/generalRoutes.ts"],"names":[],"mappings":";;;;;AAAA,sDAA8B;AAC9B,sGAA6E;AAC7E,MAAM,aAAa,GAAG,iBAAO,CAAC,MAAM,EAAE,CAAC;AAEvC,aAAa;KACR,GAAG,CAAC,GAAG,EAAE,4BAAiB,CAAC,MAAM,CAAC,CAAC;AAExC,kBAAe,aAAa,CAAC","sourcesContent":["import express from 'express';\r\nimport generalController from '../components/controllers/generalControllers';\r\nconst generalRoutes = express.Router();\r\n\r\ngeneralRoutes\r\n    .get('/', generalController.health);\r\n\r\nexport default generalRoutes;\r\n"]},"_coverageSchema":"1a1c01bbd47fc00a2c39e90264f33305004495a9","hash":"1ed507057a525522e4a16d43cf4edee71137b26a","contentHash":"965ee7af821a56d7fa0b3e5d8b30216e7e572d36ae25b02ea46c0738afe03fce"},"C:\\Users\\Riina\\KOOL TLU\\WaterMeterApp\\server\\src\\components\\controllers\\generalControllers.ts":{"path":"C:\\Users\\Riina\\KOOL TLU\\WaterMeterApp\\server\\src\\components\\controllers\\generalControllers.ts","statementMap":{"0":{"start":{"line":2,"column":0},"end":{"line":2,"column":62}},"1":{"start":{"line":3,"column":26},"end":{"line":9,"column":1}},"2":{"start":{"line":5,"column":8},"end":{"line":7,"column":11}},"3":{"start":{"line":10,"column":0},"end":{"line":10,"column":36}}},"fnMap":{"0":{"name":"(anonymous_0)","decl":{"start":{"line":4,"column":12},"end":{"line":4,"column":13}},"loc":{"start":{"line":4,"column":26},"end":{"line":8,"column":5}},"line":4}},"branchMap":{},"s":{"0":1,"1":1,"2":0,"3":1},"f":{"0":0},"b":{},"inputSourceMap":{"version":3,"file":"C:/Users/Riina/KOOL TLU/WaterMeterApp/server/src/components/controllers/generalControllers.ts","sources":["C:/Users/Riina/KOOL TLU/WaterMeterApp/server/src/components/controllers/generalControllers.ts"],"names":[],"mappings":";;AAEA,MAAM,iBAAiB,GAAG;IACtB,MAAM,EAAE,CAAC,GAAY,EAAE,GAAa,EAAE,EAAE;QACpC,GAAG,CAAC,MAAM,CAAC,GAAG,CAAC,CAAC,IAAI,CAAC;YACjB,OAAO,EAAE,cAAc;SAC1B,CAAC,CAAC;IACP,CAAC;CACJ,CAAC;AAEF,kBAAe,iBAAiB,CAAC","sourcesContent":["import { Request, Response } from 'express';\r\n\r\nconst generalController = {\r\n    health: (req: Request, res: Response) => {\r\n        res.status(200).json({\r\n            message: 'Hello world!',\r\n        });\r\n    }\r\n};\r\n\r\nexport default generalController;\r\n"]},"_coverageSchema":"1a1c01bbd47fc00a2c39e90264f33305004495a9","hash":"fd02ef6fdd82f8e86d91892680180786f7fc27f0","contentHash":"c7a468bc0034b2da4c11bef29a95333d3d2889947526780522483da1c0317d06"},"C:\\Users\\Riina\\KOOL TLU\\WaterMeterApp\\server\\src\\routes\\usersRoutes.ts":{"path":"C:\\Users\\Riina\\KOOL TLU\\WaterMeterApp\\server\\src\\routes\\usersRoutes.ts","statementMap":{"0":{"start":{"line":2,"column":22},"end":{"line":4,"column":1}},"1":{"start":{"line":3,"column":4},"end":{"line":3,"column":62}},"2":{"start":{"line":5,"column":0},"end":{"line":5,"column":62}},"3":{"start":{"line":6,"column":18},"end":{"line":6,"column":53}},"4":{"start":{"line":7,"column":26},"end":{"line":7,"column":95}},"5":{"start":{"line":8,"column":27},"end":{"line":8,"column":85}},"6":{"start":{"line":9,"column":20},"end":{"line":9,"column":46}},"7":{"start":{"line":10,"column":0},"end":{"line":15,"column":62}},"8":{"start":{"line":16,"column":0},"end":{"line":16,"column":30}}},"fnMap":{"0":{"name":"(anonymous_0)","decl":{"start":{"line":2,"column":56},"end":{"line":2,"column":57}},"loc":{"start":{"line":2,"column":71},"end":{"line":4,"column":1}},"line":2}},"branchMap":{"0":{"loc":{"start":{"line":2,"column":22},"end":{"line":4,"column":1}},"type":"binary-expr","locations":[{"start":{"line":2,"column":23},"end":{"line":2,"column":27}},{"start":{"line":2,"column":31},"end":{"line":2,"column":51}},{"start":{"line":2,"column":56},"end":{"line":4,"column":1}}],"line":2},"1":{"loc":{"start":{"line":3,"column":11},"end":{"line":3,"column":61}},"type":"cond-expr","locations":[{"start":{"line":3,"column":37},"end":{"line":3,"column":40}},{"start":{"line":3,"column":43},"end":{"line":3,"column":61}}],"line":3},"2":{"loc":{"start":{"line":3,"column":12},"end":{"line":3,"column":33}},"type":"binary-expr","locations":[{"start":{"line":3,"column":12},"end":{"line":3,"column":15}},{"start":{"line":3,"column":19},"end":{"line":3,"column":33}}],"line":3}},"s":{"0":1,"1":3,"2":1,"3":1,"4":1,"5":1,"6":1,"7":1,"8":1},"f":{"0":3},"b":{"0":[1,1,1],"1":[2,1],"2":[3,3]},"inputSourceMap":{"version":3,"file":"C:/Users/Riina/KOOL TLU/WaterMeterApp/server/src/routes/usersRoutes.ts","sources":["C:/Users/Riina/KOOL TLU/WaterMeterApp/server/src/routes/usersRoutes.ts"],"names":[],"mappings":";;;;;AAAA,sDAA8B;AAC9B,gGAAyE;AAEzE,sFAA8D;AAE9D,MAAM,WAAW,GAAG,iBAAO,CAAC,MAAM,EAAE,CAAC;AAErC,WAAW;KACN,GAAG,CAAC,GAAG,EAAE,yBAAgB,CAAC,WAAW,CAAC;KACtC,GAAG,CAAC,MAAM,EAAE,yBAAgB,CAAC,WAAW,CAAC;KACzC,IAAI,CAAC,GAAG,EAAE,0BAAgB,CAAC,mBAAmB,EAAE,yBAAgB,CAAC,aAAa,CAAC;KAC/E,KAAK,CAAC,MAAM,EAAE,yBAAgB,CAAC,UAAU,CAAC;KAC1C,MAAM,CAAC,MAAM,EAAE,yBAAgB,CAAC,cAAc,CAAC,CAAC;AAErD,kBAAe,WAAW,CAAC","sourcesContent":["import express from \"express\";\r\nimport usersControllers from \"../components/controllers/usersController\";\r\nimport authMiddleware from \"../middleware/authMiddleWare\";\r\nimport usersMiddlewares from \"../middleware/usersMiddlewares\";\r\n\r\nconst usersRoutes = express.Router();\r\n\r\nusersRoutes\r\n    .get(\"/\", usersControllers.getAllUsers)\r\n    .get(\"/:id\", usersControllers.getUserById)\r\n    .post(\"/\", usersMiddlewares.checkCreateUserData, usersControllers.createNewUser)\r\n    .patch(\"/:id\", usersControllers.updateUser)\r\n    .delete(\"/:id\", usersControllers.deleteUserById);\r\n\r\nexport default usersRoutes;"]},"_coverageSchema":"1a1c01bbd47fc00a2c39e90264f33305004495a9","hash":"df4323bcef38f0b72104808631d96ba41bb353c3","contentHash":"0e450cb0bd42bbd835a1334758b6158276216720e4bbdd314c3c588eddefcdc5"},"C:\\Users\\Riina\\KOOL TLU\\WaterMeterApp\\server\\src\\components\\controllers\\usersController.ts":{"path":"C:\\Users\\Riina\\KOOL TLU\\WaterMeterApp\\server\\src\\components\\controllers\\usersController.ts","statementMap":{"0":{"start":{"line":2,"column":16},"end":{"line":10,"column":1}},"1":{"start":{"line":3,"column":28},"end":{"line":3,"column":110}},"2":{"start":{"line":3,"column":91},"end":{"line":3,"column":106}},"3":{"start":{"line":4,"column":4},"end":{"line":9,"column":7}},"4":{"start":{"line":5,"column":36},"end":{"line":5,"column":97}},"5":{"start":{"line":5,"column":42},"end":{"line":5,"column":70}},"6":{"start":{"line":5,"column":85},"end":{"line":5,"column":95}},"7":{"start":{"line":6,"column":35},"end":{"line":6,"column":100}},"8":{"start":{"line":6,"column":41},"end":{"line":6,"column":73}},"9":{"start":{"line":6,"column":88},"end":{"line":6,"column":98}},"10":{"start":{"line":7,"column":32},"end":{"line":7,"column":116}},"11":{"start":{"line":8,"column":8},"end":{"line":8,"column":78}},"12":{"start":{"line":11,"column":22},"end":{"line":13,"column":1}},"13":{"start":{"line":12,"column":4},"end":{"line":12,"column":62}},"14":{"start":{"line":14,"column":0},"end":{"line":14,"column":62}},"15":{"start":{"line":15,"column":23},"end":{"line":15,"column":75}},"16":{"start":{"line":16,"column":20},"end":{"line":36,"column":2}},"17":{"start":{"line":16,"column":40},"end":{"line":36,"column":2}},"18":{"start":{"line":17,"column":4},"end":{"line":35,"column":5}},"19":{"start":{"line":19,"column":8},"end":{"line":19,"column":46}},"20":{"start":{"line":20,"column":8},"end":{"line":26,"column":9}},"21":{"start":{"line":21,"column":12},"end":{"line":21,"column":63}},"22":{"start":{"line":24,"column":27},"end":{"line":24,"column":42}},"23":{"start":{"line":25,"column":12},"end":{"line":25,"column":59}},"24":{"start":{"line":27,"column":8},"end":{"line":31,"column":11}},"25":{"start":{"line":34,"column":8},"end":{"line":34,"column":20}},"26":{"start":{"line":37,"column":20},"end":{"line":54,"column":2}},"27":{"start":{"line":37,"column":40},"end":{"line":54,"column":2}},"28":{"start":{"line":38,"column":4},"end":{"line":53,"column":5}},"29":{"start":{"line":39,"column":19},"end":{"line":39,"column":46}},"30":{"start":{"line":40,"column":21},"end":{"line":40,"column":65}},"31":{"start":{"line":41,"column":8},"end":{"line":42,"column":46}},"32":{"start":{"line":42,"column":12},"end":{"line":42,"column":46}},"33":{"start":{"line":43,"column":8},"end":{"line":49,"column":11}},"34":{"start":{"line":52,"column":8},"end":{"line":52,"column":20}},"35":{"start":{"line":55,"column":19},"end":{"line":82,"column":2}},"36":{"start":{"line":55,"column":39},"end":{"line":82,"column":2}},"37":{"start":{"line":56,"column":4},"end":{"line":81,"column":5}},"38":{"start":{"line":57,"column":19},"end":{"line":57,"column":46}},"39":{"start":{"line":58,"column":58},"end":{"line":58,"column":66}},"40":{"start":{"line":59,"column":21},"end":{"line":59,"column":65}},"41":{"start":{"line":60,"column":8},"end":{"line":61,"column":46}},"42":{"start":{"line":61,"column":12},"end":{"line":61,"column":46}},"43":{"start":{"line":62,"column":8},"end":{"line":63,"column":49}},"44":{"start":{"line":63,"column":12},"end":{"line":63,"column":49}},"45":{"start":{"line":64,"column":29},"end":{"line":70,"column":9}},"46":{"start":{"line":71,"column":23},"end":{"line":71,"column":70}},"47":{"start":{"line":72,"column":8},"end":{"line":73,"column":64}},"48":{"start":{"line":73,"column":12},"end":{"line":73,"column":64}},"49":{"start":{"line":74,"column":8},"end":{"line":77,"column":11}},"50":{"start":{"line":80,"column":8},"end":{"line":80,"column":20}},"51":{"start":{"line":83,"column":22},"end":{"line":104,"column":2}},"52":{"start":{"line":83,"column":42},"end":{"line":104,"column":2}},"53":{"start":{"line":84,"column":4},"end":{"line":103,"column":5}},"54":{"start":{"line":85,"column":69},"end":{"line":85,"column":77}},"55":{"start":{"line":86,"column":24},"end":{"line":92,"column":9}},"56":{"start":{"line":93,"column":19},"end":{"line":93,"column":67}},"57":{"start":{"line":94,"column":8},"end":{"line":95,"column":64}},"58":{"start":{"line":95,"column":12},"end":{"line":95,"column":64}},"59":{"start":{"line":96,"column":8},"end":{"line":99,"column":11}},"60":{"start":{"line":102,"column":8},"end":{"line":102,"column":20}},"61":{"start":{"line":105,"column":23},"end":{"line":122,"column":2}},"62":{"start":{"line":105,"column":43},"end":{"line":122,"column":2}},"63":{"start":{"line":106,"column":4},"end":{"line":121,"column":5}},"64":{"start":{"line":107,"column":19},"end":{"line":107,"column":46}},"65":{"start":{"line":108,"column":21},"end":{"line":108,"column":65}},"66":{"start":{"line":109,"column":8},"end":{"line":110,"column":46}},"67":{"start":{"line":110,"column":12},"end":{"line":110,"column":46}},"68":{"start":{"line":111,"column":23},"end":{"line":111,"column":66}},"69":{"start":{"line":112,"column":8},"end":{"line":113,"column":64}},"70":{"start":{"line":113,"column":12},"end":{"line":113,"column":64}},"71":{"start":{"line":114,"column":8},"end":{"line":117,"column":11}},"72":{"start":{"line":120,"column":8},"end":{"line":120,"column":20}},"73":{"start":{"line":123,"column":25},"end":{"line":129,"column":1}},"74":{"start":{"line":130,"column":0},"end":{"line":130,"column":35}}},"fnMap":{"0":{"name":"(anonymous_0)","decl":{"start":{"line":2,"column":44},"end":{"line":2,"column":45}},"loc":{"start":{"line":2,"column":89},"end":{"line":10,"column":1}},"line":2},"1":{"name":"adopt","decl":{"start":{"line":3,"column":13},"end":{"line":3,"column":18}},"loc":{"start":{"line":3,"column":26},"end":{"line":3,"column":112}},"line":3},"2":{"name":"(anonymous_2)","decl":{"start":{"line":3,"column":70},"end":{"line":3,"column":71}},"loc":{"start":{"line":3,"column":89},"end":{"line":3,"column":108}},"line":3},"3":{"name":"(anonymous_3)","decl":{"start":{"line":4,"column":36},"end":{"line":4,"column":37}},"loc":{"start":{"line":4,"column":63},"end":{"line":9,"column":5}},"line":4},"4":{"name":"fulfilled","decl":{"start":{"line":5,"column":17},"end":{"line":5,"column":26}},"loc":{"start":{"line":5,"column":34},"end":{"line":5,"column":99}},"line":5},"5":{"name":"rejected","decl":{"start":{"line":6,"column":17},"end":{"line":6,"column":25}},"loc":{"start":{"line":6,"column":33},"end":{"line":6,"column":102}},"line":6},"6":{"name":"step","decl":{"start":{"line":7,"column":17},"end":{"line":7,"column":21}},"loc":{"start":{"line":7,"column":30},"end":{"line":7,"column":118}},"line":7},"7":{"name":"(anonymous_7)","decl":{"start":{"line":11,"column":56},"end":{"line":11,"column":57}},"loc":{"start":{"line":11,"column":71},"end":{"line":13,"column":1}},"line":11},"8":{"name":"(anonymous_8)","decl":{"start":{"line":16,"column":20},"end":{"line":16,"column":21}},"loc":{"start":{"line":16,"column":40},"end":{"line":36,"column":2}},"line":16},"9":{"name":"(anonymous_9)","decl":{"start":{"line":16,"column":74},"end":{"line":16,"column":75}},"loc":{"start":{"line":16,"column":87},"end":{"line":36,"column":1}},"line":16},"10":{"name":"(anonymous_10)","decl":{"start":{"line":37,"column":20},"end":{"line":37,"column":21}},"loc":{"start":{"line":37,"column":40},"end":{"line":54,"column":2}},"line":37},"11":{"name":"(anonymous_11)","decl":{"start":{"line":37,"column":74},"end":{"line":37,"column":75}},"loc":{"start":{"line":37,"column":87},"end":{"line":54,"column":1}},"line":37},"12":{"name":"(anonymous_12)","decl":{"start":{"line":55,"column":19},"end":{"line":55,"column":20}},"loc":{"start":{"line":55,"column":39},"end":{"line":82,"column":2}},"line":55},"13":{"name":"(anonymous_13)","decl":{"start":{"line":55,"column":73},"end":{"line":55,"column":74}},"loc":{"start":{"line":55,"column":86},"end":{"line":82,"column":1}},"line":55},"14":{"name":"(anonymous_14)","decl":{"start":{"line":83,"column":22},"end":{"line":83,"column":23}},"loc":{"start":{"line":83,"column":42},"end":{"line":104,"column":2}},"line":83},"15":{"name":"(anonymous_15)","decl":{"start":{"line":83,"column":76},"end":{"line":83,"column":77}},"loc":{"start":{"line":83,"column":89},"end":{"line":104,"column":1}},"line":83},"16":{"name":"(anonymous_16)","decl":{"start":{"line":105,"column":23},"end":{"line":105,"column":24}},"loc":{"start":{"line":105,"column":43},"end":{"line":122,"column":2}},"line":105},"17":{"name":"(anonymous_17)","decl":{"start":{"line":105,"column":77},"end":{"line":105,"column":78}},"loc":{"start":{"line":105,"column":90},"end":{"line":122,"column":1}},"line":105}},"branchMap":{"0":{"loc":{"start":{"line":2,"column":16},"end":{"line":10,"column":1}},"type":"binary-expr","locations":[{"start":{"line":2,"column":17},"end":{"line":2,"column":21}},{"start":{"line":2,"column":25},"end":{"line":2,"column":39}},{"start":{"line":2,"column":44},"end":{"line":10,"column":1}}],"line":2},"1":{"loc":{"start":{"line":3,"column":35},"end":{"line":3,"column":109}},"type":"cond-expr","locations":[{"start":{"line":3,"column":56},"end":{"line":3,"column":61}},{"start":{"line":3,"column":64},"end":{"line":3,"column":109}}],"line":3},"2":{"loc":{"start":{"line":4,"column":16},"end":{"line":4,"column":34}},"type":"binary-expr","locations":[{"start":{"line":4,"column":16},"end":{"line":4,"column":17}},{"start":{"line":4,"column":22},"end":{"line":4,"column":33}}],"line":4},"3":{"loc":{"start":{"line":7,"column":32},"end":{"line":7,"column":115}},"type":"cond-expr","locations":[{"start":{"line":7,"column":46},"end":{"line":7,"column":67}},{"start":{"line":7,"column":70},"end":{"line":7,"column":115}}],"line":7},"4":{"loc":{"start":{"line":8,"column":51},"end":{"line":8,"column":67}},"type":"binary-expr","locations":[{"start":{"line":8,"column":51},"end":{"line":8,"column":61}},{"start":{"line":8,"column":65},"end":{"line":8,"column":67}}],"line":8},"5":{"loc":{"start":{"line":11,"column":22},"end":{"line":13,"column":1}},"type":"binary-expr","locations":[{"start":{"line":11,"column":23},"end":{"line":11,"column":27}},{"start":{"line":11,"column":31},"end":{"line":11,"column":51}},{"start":{"line":11,"column":56},"end":{"line":13,"column":1}}],"line":11},"6":{"loc":{"start":{"line":12,"column":11},"end":{"line":12,"column":61}},"type":"cond-expr","locations":[{"start":{"line":12,"column":37},"end":{"line":12,"column":40}},{"start":{"line":12,"column":43},"end":{"line":12,"column":61}}],"line":12},"7":{"loc":{"start":{"line":12,"column":12},"end":{"line":12,"column":33}},"type":"binary-expr","locations":[{"start":{"line":12,"column":12},"end":{"line":12,"column":15}},{"start":{"line":12,"column":19},"end":{"line":12,"column":33}}],"line":12},"8":{"loc":{"start":{"line":20,"column":8},"end":{"line":26,"column":9}},"type":"if","locations":[{"start":{"line":20,"column":8},"end":{"line":26,"column":9}},{"start":{"line":20,"column":8},"end":{"line":26,"column":9}}],"line":20},"9":{"loc":{"start":{"line":41,"column":8},"end":{"line":42,"column":46}},"type":"if","locations":[{"start":{"line":41,"column":8},"end":{"line":42,"column":46}},{"start":{"line":41,"column":8},"end":{"line":42,"column":46}}],"line":41},"10":{"loc":{"start":{"line":60,"column":8},"end":{"line":61,"column":46}},"type":"if","locations":[{"start":{"line":60,"column":8},"end":{"line":61,"column":46}},{"start":{"line":60,"column":8},"end":{"line":61,"column":46}}],"line":60},"11":{"loc":{"start":{"line":62,"column":8},"end":{"line":63,"column":49}},"type":"if","locations":[{"start":{"line":62,"column":8},"end":{"line":63,"column":49}},{"start":{"line":62,"column":8},"end":{"line":63,"column":49}}],"line":62},"12":{"loc":{"start":{"line":62,"column":12},"end":{"line":62,"column":58}},"type":"binary-expr","locations":[{"start":{"line":62,"column":12},"end":{"line":62,"column":22}},{"start":{"line":62,"column":26},"end":{"line":62,"column":35}},{"start":{"line":62,"column":39},"end":{"line":62,"column":45}},{"start":{"line":62,"column":49},"end":{"line":62,"column":58}}],"line":62},"13":{"loc":{"start":{"line":72,"column":8},"end":{"line":73,"column":64}},"type":"if","locations":[{"start":{"line":72,"column":8},"end":{"line":73,"column":64}},{"start":{"line":72,"column":8},"end":{"line":73,"column":64}}],"line":72},"14":{"loc":{"start":{"line":94,"column":8},"end":{"line":95,"column":64}},"type":"if","locations":[{"start":{"line":94,"column":8},"end":{"line":95,"column":64}},{"start":{"line":94,"column":8},"end":{"line":95,"column":64}}],"line":94},"15":{"loc":{"start":{"line":109,"column":8},"end":{"line":110,"column":46}},"type":"if","locations":[{"start":{"line":109,"column":8},"end":{"line":110,"column":46}},{"start":{"line":109,"column":8},"end":{"line":110,"column":46}}],"line":109},"16":{"loc":{"start":{"line":112,"column":8},"end":{"line":113,"column":64}},"type":"if","locations":[{"start":{"line":112,"column":8},"end":{"line":113,"column":64}},{"start":{"line":112,"column":8},"end":{"line":113,"column":64}}],"line":112}},"s":{"0":1,"1":0,"2":0,"3":0,"4":0,"5":0,"6":0,"7":0,"8":0,"9":0,"10":0,"11":0,"12":1,"13":1,"14":1,"15":1,"16":1,"17":0,"18":0,"19":0,"20":0,"21":0,"22":0,"23":0,"24":0,"25":0,"26":1,"27":0,"28":0,"29":0,"30":0,"31":0,"32":0,"33":0,"34":0,"35":1,"36":0,"37":0,"38":0,"39":0,"40":0,"41":0,"42":0,"43":0,"44":0,"45":0,"46":0,"47":0,"48":0,"49":0,"50":0,"51":1,"52":0,"53":0,"54":0,"55":0,"56":0,"57":0,"58":0,"59":0,"60":0,"61":1,"62":0,"63":0,"64":0,"65":0,"66":0,"67":0,"68":0,"69":0,"70":0,"71":0,"72":0,"73":1,"74":1},"f":{"0":0,"1":0,"2":0,"3":0,"4":0,"5":0,"6":0,"7":1,"8":0,"9":0,"10":0,"11":0,"12":0,"13":0,"14":0,"15":0,"16":0,"17":0},"b":{"0":[1,1,1],"1":[0,0],"2":[0,0],"3":[0,0],"4":[0,0],"5":[1,1,1],"6":[1,0],"7":[1,1],"8":[0,0],"9":[0,0],"10":[0,0],"11":[0,0],"12":[0,0,0,0],"13":[0,0],"14":[0,0],"15":[0,0],"16":[0,0]},"inputSourceMap":{"version":3,"file":"C:/Users/Riina/KOOL TLU/WaterMeterApp/server/src/components/controllers/usersController.ts","sources":["C:/Users/Riina/KOOL TLU/WaterMeterApp/server/src/components/controllers/usersController.ts"],"names":[],"mappings":";;;;;;;;;;;;;;AAEA,4EAAoD;AAGpD,MAAM,WAAW,GAAG,CAAO,GAAY,EAAE,GAAa,EAAE,IAAkB,EAAE,EAAE;IAC1E,IAAI;QACF,IAAI,KAAK,CAAC;QACV,OAAO,CAAC,GAAG,CAAC,OAAO,EAAE,GAAG,CAAC,MAAM,CAAC,IAAI,CAAC,CAAA;QACnC,IAAI,GAAG,CAAC,MAAM,CAAC,IAAI,CAAC,UAAU,KAAK,CAAC,EAAE;YACpC,KAAK,GAAG,MAAM,sBAAY,CAAC,WAAW,EAAE,CAAC;SAC1C;aAAM;YACL,MAAM,EAAE,EAAE,EAAE,GAAG,GAAG,CAAC,MAAM,CAAC,IAAI,CAAC;YAC/B,KAAK,GAAG,sBAAY,CAAC,WAAW,CAAC,EAAE,CAAC,CAAC;SACtC;QAED,OAAO,GAAG,CAAC,MAAM,CAAC,GAAG,CAAC,CAAC,IAAI,CAAC;YAC1B,OAAO,EAAE,IAAI;YACb,OAAO,EAAE,eAAe;YACxB,KAAK;SACN,CAAC,CAAC;KACJ;IAAC,OAAO,KAAK,EAAE;QACd,IAAI,CAAC,KAAK,CAAC,CAAC;KACb;AACH,CAAC,CAAA,CAAA;AAEL,MAAM,WAAW,GAAE,CAAO,GAAY,EAAE,GAAa,EAAE,IAAkB,EAAE,EAAE;IACzE,IAAI;QACA,MAAM,EAAE,GAAG,QAAQ,CAAC,GAAG,CAAC,MAAM,CAAC,EAAE,EAAE,EAAE,CAAC,CAAC;QACvC,MAAM,IAAI,GAAG,MAAM,sBAAY,CAAC,WAAW,CAAC,EAAE,CAAC,CAAC;QAChD,IAAI,CAAC,IAAI;YAAE,MAAM,IAAI,KAAK,CAAC,gBAAgB,CAAC,CAAC;QAC7C,OAAO,GAAG,CAAC,MAAM,CAAC,GAAG,CAAC,CAAC,IAAI,CAAC;YAC1B,OAAO,EAAE,IAAI;YACb,OAAO,EAAE,MAAM;YACf,IAAI,EAAE;gBACJ,IAAI;aACL;SACF,CAAC,CAAC;KACJ;IAAC,OAAO,KAAK,EAAE;QACd,IAAI,CAAC,KAAK,CAAC,CAAC;KACb;AACP,CAAC,CAAA,CAAC;AAEF,MAAM,UAAU,GAAG,CAAO,GAAY,EAAE,GAAa,EAAE,IAAkB,EAAE,EAAE;IACzE,IAAI;QACA,MAAM,EAAE,GAAG,QAAQ,CAAC,GAAG,CAAC,MAAM,CAAC,EAAE,EAAE,EAAE,CAAC,CAAC;QACzC,MAAM,EACJ,SAAS,EAAE,QAAQ,EAAE,KAAK,EAAE,QAAQ,GACrC,GAAG,GAAG,CAAC,IAAI,CAAC;QAEb,MAAM,IAAI,GAAG,MAAM,sBAAY,CAAC,WAAW,CAAC,EAAE,CAAC,CAAC;QAChD,IAAI,CAAC,IAAI;YAAE,MAAM,IAAI,KAAK,CAAC,gBAAgB,CAAC,CAAC;QAC7C,IAAI,CAAC,SAAS,IAAI,CAAC,QAAQ,IAAI,CAAC,KAAK,IAAI,CAAC,QAAQ;YAAE,MAAM,IAAI,KAAK,CAAC,mBAAmB,CAAC,CAAC;QAEzF,MAAM,YAAY,GAAU;YAC1B,EAAE;YACF,SAAS;YACT,QAAQ;YACR,KAAK;YACL,QAAQ;SACT,CAAC;QAEF,MAAM,MAAM,GAAG,sBAAY,CAAC,UAAU,CAAC,YAAY,CAAC,CAAC;QACrD,IAAI,CAAC,MAAM;YAAE,MAAM,IAAI,KAAK,CAAC,kCAAkC,CAAC,CAAC;QACjE,OAAO,GAAG,CAAC,MAAM,CAAC,GAAG,CAAC,CAAC,IAAI,CAAC;YAC1B,OAAO,EAAE,IAAI;YACb,OAAO,EAAE,cAAc;SACxB,CAAC,CAAC;KACF;IAAC,OAAO,KAAK,EAAE;QACd,IAAI,CAAC,KAAK,CAAC,CAAC;KACb;AACP,CAAC,CAAA,CAAC;AAEF,MAAM,aAAa,GAAG,CAAO,GAAY,EAAE,GAAa,EAAE,IAAkB,EAAE,EAAE;IAC5E,IAAI;QACA,MAAM,EACJ,SAAS,EAAE,QAAQ,EAAE,KAAK,EAAE,QAAQ,EAAE,UAAU,EACjD,GAAG,GAAG,CAAC,IAAI,CAAC;QACb,MAAM,OAAO,GAAU;YACrB,SAAS;YACT,QAAQ;YACR,KAAK;YACL,QAAQ;YACR,UAAU,EAAE,CAAC;SACd,CAAC;QACF,MAAM,EAAE,GAAG,MAAM,sBAAY,CAAC,UAAU,CAAC,OAAO,CAAC,CAAC;QAClD,IAAI,CAAC,EAAE;YAAE,MAAM,IAAI,KAAK,CAAC,kCAAkC,CAAC,CAAC;QAC7D,OAAO,GAAG,CAAC,MAAM,CAAC,GAAG,CAAC,CAAC,IAAI,CAAC;YAC1B,OAAO,EAAE,IAAI;YACb,OAAO,EAAE,gBAAgB,EAAE,UAAU;SACtC,CAAC,CAAC;KACJ;IAAC,OAAO,KAAK,EAAE;QACd,IAAI,CAAC,KAAK,CAAC,CAAC;KACb;AACP,CAAC,CAAA,CAAC;AAEF,MAAM,cAAc,GAAG,CAAO,GAAY,EAAE,GAAa,EAAE,IAAkB,EAAE,EAAE;IAC7E,IAAI;QACA,MAAM,EAAE,GAAG,QAAQ,CAAC,GAAG,CAAC,MAAM,CAAC,EAAE,EAAE,EAAE,CAAC,CAAC;QACvC,MAAM,IAAI,GAAG,MAAM,sBAAY,CAAC,WAAW,CAAC,EAAE,CAAC,CAAC;QAChD,IAAI,CAAC,IAAI;YAAE,MAAM,IAAI,KAAK,CAAC,gBAAgB,CAAC,CAAC;QAC7C,MAAM,MAAM,GAAG,MAAM,sBAAY,CAAC,UAAU,CAAC,EAAE,CAAC,CAAC;QACjD,IAAI,CAAC,MAAM;YAAE,MAAM,IAAI,KAAK,CAAC,kCAAkC,CAAC,CAAC;QACjE,OAAO,GAAG,CAAC,MAAM,CAAC,GAAG,CAAC,CAAC,IAAI,CAAC;YAC1B,OAAO,EAAE,IAAI;YACb,OAAO,EAAE,cAAc;SACxB,CAAC,CAAC;KACJ;IAAC,OAAO,KAAK,EAAE;QACd,IAAI,CAAC,KAAK,CAAC,CAAC;KACb;AACP,CAAC,CAAA,CAAC;AAEF,MAAM,gBAAgB,GAAG;IACrB,WAAW;IACX,WAAW;IACX,UAAU;IACV,aAAa;IACb,cAAc;CACjB,CAAA;AAGD,kBAAe,gBAAgB,CAAC","sourcesContent":["import { NextFunction, Request, Response } from 'express';\r\nimport { IUser } from \"../interfaces/usersInterfaces\";\r\nimport userServices from '../services/userServices';\r\n\r\n\r\nconst getAllUsers = async (req: Request, res: Response, next: NextFunction) => {\r\n    try {\r\n      let users;\r\n      console.log(\"res: \", res.locals.user)\r\n        if (res.locals.user.userRoleID === 1) {\r\n          users = await userServices.getAllUsers();\r\n        } else {\r\n          const { id } = res.locals.user;\r\n          users = userServices.getUserById(id);\r\n        }\r\n  \r\n        return res.status(200).json({\r\n          success: true,\r\n          message: 'List of users',\r\n          users,\r\n        });\r\n      } catch (error) {\r\n        next(error);\r\n      }\r\n    }\r\n\r\nconst getUserById =async (req: Request, res: Response, next: NextFunction) => {\r\n    try {\r\n        const id = parseInt(req.params.id, 10);\r\n        const user = await userServices.getUserById(id);\r\n        if (!user) throw new Error('User not found');\r\n        return res.status(200).json({\r\n          success: true,\r\n          message: 'User',\r\n          data: {\r\n            user,\r\n          },\r\n        });\r\n      } catch (error) {\r\n        next(error);\r\n      }\r\n};\r\n\r\nconst updateUser = async (req: Request, res: Response, next: NextFunction) => {\r\n    try {\r\n        const id = parseInt(req.params.id, 10);\r\n      const {\r\n        firstName, lastName, email, password,\r\n      } = req.body;\r\n  \r\n      const user = await userServices.getUserById(id);\r\n      if (!user) throw new Error('User not found');\r\n      if (!firstName && !lastName && !email && !password) throw new Error('Nothing to change');\r\n  \r\n      const userToUpdate: IUser = {\r\n        id,\r\n        firstName,\r\n        lastName,\r\n        email,\r\n        password,\r\n      };\r\n  \r\n      const result = userServices.updateUser(userToUpdate);\r\n      if (!result) throw new Error('Error, did manage to update user');\r\n      return res.status(200).json({\r\n        success: true,\r\n        message: 'User updated',\r\n      });\r\n      } catch (error) {\r\n        next(error);\r\n      }\r\n};\r\n\r\nconst createNewUser = async (req: Request, res: Response, next: NextFunction) => {\r\n    try {\r\n        const {\r\n          firstName, lastName, email, password, userRoleID\r\n        } = req.body;\r\n        const newUser: IUser = {\r\n          firstName,\r\n          lastName,\r\n          email,\r\n          password,\r\n          userRoleID: 3,\r\n        };\r\n        const id = await userServices.createUser(newUser);\r\n        if (!id) throw new Error('Error, did manage to create user');\r\n        return res.status(201).json({\r\n          success: true,\r\n          message: `User with id ${id} created`,\r\n        });\r\n      } catch (error) {\r\n        next(error);\r\n      }\r\n};\r\n\r\nconst deleteUserById = async (req: Request, res: Response, next: NextFunction) => {\r\n    try {\r\n        const id = parseInt(req.params.id, 10);\r\n        const user = await userServices.getUserById(id);\r\n        if (!user) throw new Error('User not found');\r\n        const result = await userServices.deleteUser(id);\r\n        if (!result) throw new Error('Error, did manage to delete user');\r\n        return res.status(200).json({\r\n          success: true,\r\n          message: 'User deleted',\r\n        });\r\n      } catch (error) {\r\n        next(error);\r\n      }\r\n};\r\n\r\nconst usersControllers = {\r\n    getAllUsers,\r\n    getUserById,\r\n    updateUser,\r\n    createNewUser,\r\n    deleteUserById,\r\n}\r\n\r\n\r\nexport default usersControllers;"]},"_coverageSchema":"1a1c01bbd47fc00a2c39e90264f33305004495a9","hash":"14de87b2cd469864c62ba63902d9ecd518676aab","contentHash":"a020fd864db07cc8ec0913edf8d9ae2d9f39097919f3401abca1c86db40f290a"},"C:\\Users\\Riina\\KOOL TLU\\WaterMeterApp\\server\\src\\components\\services\\userServices.ts":{"path":"C:\\Users\\Riina\\KOOL TLU\\WaterMeterApp\\server\\src\\components\\services\\userServices.ts","statementMap":{"0":{"start":{"line":2,"column":16},"end":{"line":10,"column":1}},"1":{"start":{"line":3,"column":28},"end":{"line":3,"column":110}},"2":{"start":{"line":3,"column":91},"end":{"line":3,"column":106}},"3":{"start":{"line":4,"column":4},"end":{"line":9,"column":7}},"4":{"start":{"line":5,"column":36},"end":{"line":5,"column":97}},"5":{"start":{"line":5,"column":42},"end":{"line":5,"column":70}},"6":{"start":{"line":5,"column":85},"end":{"line":5,"column":95}},"7":{"start":{"line":6,"column":35},"end":{"line":6,"column":100}},"8":{"start":{"line":6,"column":41},"end":{"line":6,"column":73}},"9":{"start":{"line":6,"column":88},"end":{"line":6,"column":98}},"10":{"start":{"line":7,"column":32},"end":{"line":7,"column":116}},"11":{"start":{"line":8,"column":8},"end":{"line":8,"column":78}},"12":{"start":{"line":11,"column":22},"end":{"line":13,"column":1}},"13":{"start":{"line":12,"column":4},"end":{"line":12,"column":62}},"14":{"start":{"line":14,"column":0},"end":{"line":14,"column":62}},"15":{"start":{"line":15,"column":19},"end":{"line":15,"column":61}},"16":{"start":{"line":16,"column":23},"end":{"line":16,"column":65}},"17":{"start":{"line":17,"column":20},"end":{"line":20,"column":2}},"18":{"start":{"line":17,"column":28},"end":{"line":20,"column":2}},"19":{"start":{"line":18,"column":19},"end":{"line":18,"column":176}},"20":{"start":{"line":19,"column":4},"end":{"line":19,"column":19}},"21":{"start":{"line":21,"column":23},"end":{"line":24,"column":2}},"22":{"start":{"line":21,"column":34},"end":{"line":24,"column":2}},"23":{"start":{"line":22,"column":19},"end":{"line":22,"column":144}},"24":{"start":{"line":23,"column":4},"end":{"line":23,"column":19}},"25":{"start":{"line":25,"column":20},"end":{"line":28,"column":2}},"26":{"start":{"line":25,"column":26},"end":{"line":28,"column":2}},"27":{"start":{"line":26,"column":16},"end":{"line":26,"column":69}},"28":{"start":{"line":27,"column":4},"end":{"line":27,"column":13}},"29":{"start":{"line":29,"column":19},"end":{"line":42,"column":2}},"30":{"start":{"line":29,"column":29},"end":{"line":42,"column":2}},"31":{"start":{"line":30,"column":27},"end":{"line":30,"column":75}},"32":{"start":{"line":31,"column":20},"end":{"line":38,"column":5}},"33":{"start":{"line":39,"column":21},"end":{"line":39,"column":90}},"34":{"start":{"line":41,"column":4},"end":{"line":41,"column":27}},"35":{"start":{"line":43,"column":19},"end":{"line":61,"column":2}},"36":{"start":{"line":43,"column":37},"end":{"line":61,"column":2}},"37":{"start":{"line":44,"column":73},"end":{"line":44,"column":85}},"38":{"start":{"line":45,"column":17},"end":{"line":45,"column":51}},"39":{"start":{"line":46,"column":25},"end":{"line":46,"column":29}},"40":{"start":{"line":47,"column":4},"end":{"line":49,"column":5}},"41":{"start":{"line":48,"column":8},"end":{"line":48,"column":69}},"42":{"start":{"line":50,"column":19},"end":{"line":55,"column":5}},"43":{"start":{"line":56,"column":21},"end":{"line":56,"column":99}},"44":{"start":{"line":57,"column":4},"end":{"line":59,"column":5}},"45":{"start":{"line":58,"column":8},"end":{"line":58,"column":21}},"46":{"start":{"line":60,"column":4},"end":{"line":60,"column":16}},"47":{"start":{"line":62,"column":19},"end":{"line":68,"column":2}},"48":{"start":{"line":62,"column":27},"end":{"line":68,"column":2}},"49":{"start":{"line":63,"column":21},"end":{"line":63,"column":115}},"50":{"start":{"line":64,"column":4},"end":{"line":66,"column":5}},"51":{"start":{"line":65,"column":8},"end":{"line":65,"column":21}},"52":{"start":{"line":67,"column":4},"end":{"line":67,"column":16}},"53":{"start":{"line":72,"column":21},"end":{"line":79,"column":1}},"54":{"start":{"line":80,"column":0},"end":{"line":80,"column":31}}},"fnMap":{"0":{"name":"(anonymous_0)","decl":{"start":{"line":2,"column":44},"end":{"line":2,"column":45}},"loc":{"start":{"line":2,"column":89},"end":{"line":10,"column":1}},"line":2},"1":{"name":"adopt","decl":{"start":{"line":3,"column":13},"end":{"line":3,"column":18}},"loc":{"start":{"line":3,"column":26},"end":{"line":3,"column":112}},"line":3},"2":{"name":"(anonymous_2)","decl":{"start":{"line":3,"column":70},"end":{"line":3,"column":71}},"loc":{"start":{"line":3,"column":89},"end":{"line":3,"column":108}},"line":3},"3":{"name":"(anonymous_3)","decl":{"start":{"line":4,"column":36},"end":{"line":4,"column":37}},"loc":{"start":{"line":4,"column":63},"end":{"line":9,"column":5}},"line":4},"4":{"name":"fulfilled","decl":{"start":{"line":5,"column":17},"end":{"line":5,"column":26}},"loc":{"start":{"line":5,"column":34},"end":{"line":5,"column":99}},"line":5},"5":{"name":"rejected","decl":{"start":{"line":6,"column":17},"end":{"line":6,"column":25}},"loc":{"start":{"line":6,"column":33},"end":{"line":6,"column":102}},"line":6},"6":{"name":"step","decl":{"start":{"line":7,"column":17},"end":{"line":7,"column":21}},"loc":{"start":{"line":7,"column":30},"end":{"line":7,"column":118}},"line":7},"7":{"name":"(anonymous_7)","decl":{"start":{"line":11,"column":56},"end":{"line":11,"column":57}},"loc":{"start":{"line":11,"column":71},"end":{"line":13,"column":1}},"line":11},"8":{"name":"(anonymous_8)","decl":{"start":{"line":17,"column":20},"end":{"line":17,"column":21}},"loc":{"start":{"line":17,"column":28},"end":{"line":20,"column":2}},"line":17},"9":{"name":"(anonymous_9)","decl":{"start":{"line":17,"column":62},"end":{"line":17,"column":63}},"loc":{"start":{"line":17,"column":75},"end":{"line":20,"column":1}},"line":17},"10":{"name":"(anonymous_10)","decl":{"start":{"line":21,"column":23},"end":{"line":21,"column":24}},"loc":{"start":{"line":21,"column":34},"end":{"line":24,"column":2}},"line":21},"11":{"name":"(anonymous_11)","decl":{"start":{"line":21,"column":68},"end":{"line":21,"column":69}},"loc":{"start":{"line":21,"column":81},"end":{"line":24,"column":1}},"line":21},"12":{"name":"(anonymous_12)","decl":{"start":{"line":25,"column":20},"end":{"line":25,"column":21}},"loc":{"start":{"line":25,"column":26},"end":{"line":28,"column":2}},"line":25},"13":{"name":"(anonymous_13)","decl":{"start":{"line":25,"column":60},"end":{"line":25,"column":61}},"loc":{"start":{"line":25,"column":73},"end":{"line":28,"column":1}},"line":25},"14":{"name":"(anonymous_14)","decl":{"start":{"line":29,"column":19},"end":{"line":29,"column":20}},"loc":{"start":{"line":29,"column":29},"end":{"line":42,"column":2}},"line":29},"15":{"name":"(anonymous_15)","decl":{"start":{"line":29,"column":63},"end":{"line":29,"column":64}},"loc":{"start":{"line":29,"column":76},"end":{"line":42,"column":1}},"line":29},"16":{"name":"(anonymous_16)","decl":{"start":{"line":43,"column":19},"end":{"line":43,"column":20}},"loc":{"start":{"line":43,"column":37},"end":{"line":61,"column":2}},"line":43},"17":{"name":"(anonymous_17)","decl":{"start":{"line":43,"column":71},"end":{"line":43,"column":72}},"loc":{"start":{"line":43,"column":84},"end":{"line":61,"column":1}},"line":43},"18":{"name":"(anonymous_18)","decl":{"start":{"line":62,"column":19},"end":{"line":62,"column":20}},"loc":{"start":{"line":62,"column":27},"end":{"line":68,"column":2}},"line":62},"19":{"name":"(anonymous_19)","decl":{"start":{"line":62,"column":61},"end":{"line":62,"column":62}},"loc":{"start":{"line":62,"column":74},"end":{"line":68,"column":1}},"line":62}},"branchMap":{"0":{"loc":{"start":{"line":2,"column":16},"end":{"line":10,"column":1}},"type":"binary-expr","locations":[{"start":{"line":2,"column":17},"end":{"line":2,"column":21}},{"start":{"line":2,"column":25},"end":{"line":2,"column":39}},{"start":{"line":2,"column":44},"end":{"line":10,"column":1}}],"line":2},"1":{"loc":{"start":{"line":3,"column":35},"end":{"line":3,"column":109}},"type":"cond-expr","locations":[{"start":{"line":3,"column":56},"end":{"line":3,"column":61}},{"start":{"line":3,"column":64},"end":{"line":3,"column":109}}],"line":3},"2":{"loc":{"start":{"line":4,"column":16},"end":{"line":4,"column":34}},"type":"binary-expr","locations":[{"start":{"line":4,"column":16},"end":{"line":4,"column":17}},{"start":{"line":4,"column":22},"end":{"line":4,"column":33}}],"line":4},"3":{"loc":{"start":{"line":7,"column":32},"end":{"line":7,"column":115}},"type":"cond-expr","locations":[{"start":{"line":7,"column":46},"end":{"line":7,"column":67}},{"start":{"line":7,"column":70},"end":{"line":7,"column":115}}],"line":7},"4":{"loc":{"start":{"line":8,"column":51},"end":{"line":8,"column":67}},"type":"binary-expr","locations":[{"start":{"line":8,"column":51},"end":{"line":8,"column":61}},{"start":{"line":8,"column":65},"end":{"line":8,"column":67}}],"line":8},"5":{"loc":{"start":{"line":11,"column":22},"end":{"line":13,"column":1}},"type":"binary-expr","locations":[{"start":{"line":11,"column":23},"end":{"line":11,"column":27}},{"start":{"line":11,"column":31},"end":{"line":11,"column":51}},{"start":{"line":11,"column":56},"end":{"line":13,"column":1}}],"line":11},"6":{"loc":{"start":{"line":12,"column":11},"end":{"line":12,"column":61}},"type":"cond-expr","locations":[{"start":{"line":12,"column":37},"end":{"line":12,"column":40}},{"start":{"line":12,"column":43},"end":{"line":12,"column":61}}],"line":12},"7":{"loc":{"start":{"line":12,"column":12},"end":{"line":12,"column":33}},"type":"binary-expr","locations":[{"start":{"line":12,"column":12},"end":{"line":12,"column":15}},{"start":{"line":12,"column":19},"end":{"line":12,"column":33}}],"line":12},"8":{"loc":{"start":{"line":47,"column":4},"end":{"line":49,"column":5}},"type":"if","locations":[{"start":{"line":47,"column":4},"end":{"line":49,"column":5}},{"start":{"line":47,"column":4},"end":{"line":49,"column":5}}],"line":47},"9":{"loc":{"start":{"line":51,"column":19},"end":{"line":51,"column":46}},"type":"binary-expr","locations":[{"start":{"line":51,"column":19},"end":{"line":51,"column":28}},{"start":{"line":51,"column":32},"end":{"line":51,"column":46}}],"line":51},"10":{"loc":{"start":{"line":52,"column":18},"end":{"line":52,"column":43}},"type":"binary-expr","locations":[{"start":{"line":52,"column":18},"end":{"line":52,"column":26}},{"start":{"line":52,"column":30},"end":{"line":52,"column":43}}],"line":52},"11":{"loc":{"start":{"line":53,"column":15},"end":{"line":53,"column":34}},"type":"binary-expr","locations":[{"start":{"line":53,"column":15},"end":{"line":53,"column":20}},{"start":{"line":53,"column":24},"end":{"line":53,"column":34}}],"line":53},"12":{"loc":{"start":{"line":54,"column":18},"end":{"line":54,"column":49}},"type":"binary-expr","locations":[{"start":{"line":54,"column":18},"end":{"line":54,"column":32}},{"start":{"line":54,"column":36},"end":{"line":54,"column":49}}],"line":54},"13":{"loc":{"start":{"line":57,"column":4},"end":{"line":59,"column":5}},"type":"if","locations":[{"start":{"line":57,"column":4},"end":{"line":59,"column":5}},{"start":{"line":57,"column":4},"end":{"line":59,"column":5}}],"line":57},"14":{"loc":{"start":{"line":64,"column":4},"end":{"line":66,"column":5}},"type":"if","locations":[{"start":{"line":64,"column":4},"end":{"line":66,"column":5}},{"start":{"line":64,"column":4},"end":{"line":66,"column":5}}],"line":64}},"s":{"0":1,"1":3,"2":0,"3":3,"4":0,"5":0,"6":0,"7":3,"8":3,"9":3,"10":3,"11":3,"12":1,"13":2,"14":1,"15":1,"16":1,"17":1,"18":0,"19":0,"20":0,"21":1,"22":3,"23":3,"24":0,"25":1,"26":0,"27":0,"28":0,"29":1,"30":0,"31":0,"32":0,"33":0,"34":0,"35":1,"36":0,"37":0,"38":0,"39":0,"40":0,"41":0,"42":0,"43":0,"44":0,"45":0,"46":0,"47":1,"48":0,"49":0,"50":0,"51":0,"52":0,"53":1,"54":1},"f":{"0":3,"1":3,"2":0,"3":3,"4":0,"5":3,"6":3,"7":2,"8":0,"9":0,"10":3,"11":3,"12":0,"13":0,"14":0,"15":0,"16":0,"17":0,"18":0,"19":0},"b":{"0":[1,1,1],"1":[3,0],"2":[3,3],"3":[0,3],"4":[3,3],"5":[1,1,1],"6":[2,0],"7":[2,2],"8":[0,0],"9":[0,0],"10":[0,0],"11":[0,0],"12":[0,0],"13":[0,0],"14":[0,0]},"inputSourceMap":{"version":3,"file":"C:/Users/Riina/KOOL TLU/WaterMeterApp/server/src/components/services/userServices.ts","sources":["C:/Users/Riina/KOOL TLU/WaterMeterApp/server/src/components/services/userServices.ts"],"names":[],"mappings":";;;;;;;;;;;;;;AACA,8DAAkC;AAElC,kEAA0C;AAE1C,MAAM,WAAW,GAAG,CAAO,EAAU,EAAE,EAAE;IACrC,MAAM,CAAC,IAAI,CAAC,GAAgC,MAAM,kBAAI,CAAC,KAAK,CAAC,uHAAuH,EAAE,CAAC,EAAE,CAAC,CAAC,CAAC;IAC5L,OAAO,IAAI,CAAC,CAAC,CAAC,CAAC;AACnB,CAAC,CAAA,CAAC;AAEF,MAAM,cAAc,GAAG,CAAO,KAAa,EAAE,EAAE;IAC3C,MAAM,CAAC,IAAI,CAAC,GAAgC,MAAM,kBAAI,CAAC,KAAK,CAAC,oFAAoF,EAAE,CAAC,KAAK,CAAC,CAAC,CAAC;IAC5J,OAAO,IAAI,CAAC,CAAC,CAAC,CAAC;AACnB,CAAC,CAAA,CAAC;AAEF,MAAM,WAAW,GAAG,GAAS,EAAE;IAC3B,MAAM,CAAC,CAAC,CAAC,GAAG,MAAM,kBAAI,CAAC,KAAK,CAAC,qBAAqB,CAAC,CAAC;IACpD,OAAO,CAAC,CAAC;AACb,CAAC,CAAA,CAAC;AAEF,MAAM,UAAU,GAAG,CAAO,IAAW,EAA6B,EAAE;IAChE,MAAM,cAAc,GAAG,MAAM,sBAAY,CAAC,IAAI,CAAC,IAAI,CAAC,QAAQ,CAAC,CAAA;IAC7D,MAAM,OAAO,GAAG;QACZ,SAAS,EAAE,IAAI,CAAC,SAAS;QACzB,QAAQ,EAAE,IAAI,CAAC,QAAQ;QACvB,KAAK,EAAE,IAAI,CAAC,KAAK;QACjB,QAAQ,EAAE,cAAc;QACxB,UAAU,EAAE,CAAC;QACb,aAAa,EAAE,IAAI;KACtB,CAAA;IAED,MAAM,CAAC,MAAM,CAAC,GAAqC,MAAM,kBAAI,CAAC,KAAK,CAAC,0BAA0B,EAAE,CAAC,OAAO,CAAC,CAAC,CAAC;IAC3G,mBAAmB;IACnB,OAAO,MAAM,CAAC,QAAQ,CAAC;AAC3B,CAAC,CAAA,CAAA;AAGD,MAAM,UAAU,GAAG,CAAO,YAAmB,EAAoB,EAAE;IAC/D,MAAM,EAAE,EAAE,EAAE,SAAS,EAAE,QAAQ,EAAE,cAAc,EAAE,KAAK,EAAE,QAAQ,EAAE,GAAG,YAAY,CAAC;IAClF,MAAM,IAAI,GAAG,MAAM,YAAY,CAAC,WAAW,CAAC,EAAG,CAAC,CAAC;IACjD,IAAI,cAAc,GAAG,IAAI,CAAC;IAC1B,IAAI,QAAQ,EAAE;QAAE,cAAc,GAAG,MAAM,sBAAY,CAAC,IAAI,CAAC,QAAQ,CAAC,CAAA;KAAE;IAEpE,MAAM,MAAM,GAAG;QACX,SAAS,EAAE,SAAS,IAAI,IAAI,CAAC,SAAS;QACtC,QAAQ,EAAE,QAAQ,IAAI,IAAI,CAAC,QAAQ;QACnC,KAAK,EAAE,KAAK,IAAI,IAAI,CAAC,KAAK;QAC1B,QAAQ,EAAE,cAAc,IAAI,IAAI,CAAC,QAAQ;KAC5C,CAAA;IAED,MAAM,CAAC,MAAM,CAAC,GAAqC,MAAM,kBAAI,CAAC,KAAK,CAAC,gCAAgC,EAAE,CAAC,MAAM,EAAE,EAAE,CAAC,CAAC,CAAC;IACpH,IAAI,MAAM,CAAC,YAAY,GAAG,CAAC,EAAE;QACzB,OAAO,KAAK,CAAC;KAChB;IACD,OAAO,IAAI,CAAC;AAChB,CAAC,CAAA,CAAA;AAED,MAAM,UAAU,GAAG,CAAO,EAAU,EAAoB,EAAE;IACtD,MAAM,CAAC,MAAM,CAAC,GAAqC,MAAM,kBAAI,CAAC,KAAK,CAAC,4CAA4C,EAAE,CAAC,IAAI,IAAI,EAAE,EAAE,EAAE,CAAC,CAAC,CAAC;IACpI,IAAI,MAAM,CAAC,YAAY,GAAG,CAAC,EAAE;QACzB,OAAO,KAAK,CAAC;KAChB;IACD,OAAO,IAAI,CAAC;AAChB,CAAC,CAAA,CAAA;AAED,MAAM;AACN,gBAAgB;AAChB,mBAAmB;AAEnB,MAAM,YAAY,GAAG;IACjB,WAAW;IACX,WAAW;IACX,cAAc;IACd,UAAU;IACV,UAAU;IACV,UAAU;CACb,CAAA;AAED,kBAAe,YAAY,CAAC","sourcesContent":["import { FieldPacket, ResultSetHeader } from 'mysql2';\r\nimport pool from '../../database';\r\nimport {IUser, IUserSQL } from \"../interfaces/usersInterfaces\";\r\nimport authServices from './authServices';\r\n\r\nconst getUserById = async (id: number) => {\r\n    const [user]: [IUserSQL[], FieldPacket[]] = await pool.query(`SELECT id, firstName, lastName, personalNumber, email, creationTime, userRoleID, useraddressID FROM Users WHERE id=?;`, [id]);\r\n    return user[0];\r\n};\r\n\r\nconst getUserByEmail = async (email: string) => {\r\n    const [user]: [IUserSQL[], FieldPacket[]] = await pool.query(`SELECT id, email, password, role FROM users WHERE email=? AND deletedDate IS NULL;`, [email]);\r\n    return user[0];\r\n};\r\n\r\nconst getAllUsers = async () => {\r\n    const [u] = await pool.query('select * from Users');\r\n    return u;\r\n};\r\n    \r\nconst createUser = async (user: IUser): Promise<number | boolean> => {\r\n    const hashedPassword = await authServices.hash(user.password)\r\n    const newUser = {\r\n        firstName: user.firstName,\r\n        lastName: user.lastName,\r\n        email: user.email,\r\n        password: hashedPassword,\r\n        userRoleID: 3,\r\n        userAddressID: null\r\n    }\r\n\r\n    const [result]: [ResultSetHeader, FieldPacket[]] = await pool.query(`INSERT INTO Users SET ?;`, [newUser]);\r\n    //return false;    \r\n    return result.insertId;\r\n}\r\n\r\n\r\nconst updateUser = async (userToUpdate: IUser): Promise<Boolean> => {\r\n    const { id, firstName, lastName, personalNumber, email, password } = userToUpdate;\r\n    const user = await userServices.getUserById(id!);\r\n    let hashedPassword = null;\r\n    if (password) { hashedPassword = await authServices.hash(password) }\r\n    \r\n    const update = {\r\n        firstName: firstName || user.firstName,\r\n        lastName: lastName || user.lastName,\r\n        email: email || user.email,\r\n        password: hashedPassword || user.password,\r\n    }\r\n\r\n    const [result]: [ResultSetHeader, FieldPacket[]] = await pool.query(`UPDATE users SET ? WHERE id=?;`, [update, id]);\r\n    if (result.affectedRows < 1) {\r\n        return false;\r\n    }\r\n    return true;\r\n}\r\n\r\nconst deleteUser = async (id: number): Promise<Boolean> => {\r\n    const [result]: [ResultSetHeader, FieldPacket[]] = await pool.query(`UPDATE Users SET deletedDate=? WHERE id=?;`, [new Date(), id]);\r\n    if (result.affectedRows < 1) {\r\n        return false;\r\n    }\r\n    return true;\r\n}\r\n\r\n//TODO\r\n//updateUserRole\r\n//updateUserAddress\r\n\r\nconst userServices = {\r\n    getAllUsers,\r\n    getUserById,\r\n    getUserByEmail, \r\n    createUser,\r\n    updateUser,\r\n    deleteUser,    \r\n}\r\n\r\nexport default userServices;"]},"_coverageSchema":"1a1c01bbd47fc00a2c39e90264f33305004495a9","hash":"a7cebe6202654d718c3b6c4a23af2f7b54904eba","contentHash":"c5f66fa7c4f2b74dadca0544c9e17e6783ce93bf9daaf5dba2760e65059decc6"},"C:\\Users\\Riina\\KOOL TLU\\WaterMeterApp\\server\\src\\database.ts":{"path":"C:\\Users\\Riina\\KOOL TLU\\WaterMeterApp\\server\\src\\database.ts","statementMap":{"0":{"start":{"line":2,"column":22},"end":{"line":4,"column":1}},"1":{"start":{"line":3,"column":4},"end":{"line":3,"column":62}},"2":{"start":{"line":5,"column":0},"end":{"line":5,"column":62}},"3":{"start":{"line":6,"column":17},"end":{"line":6,"column":51}},"4":{"start":{"line":8,"column":13},"end":{"line":18,"column":12}},"5":{"start":{"line":19,"column":17},"end":{"line":34,"column":1}},"6":{"start":{"line":20,"column":4},"end":{"line":33,"column":5}},"7":{"start":{"line":21,"column":8},"end":{"line":28,"column":11}},"8":{"start":{"line":22,"column":12},"end":{"line":26,"column":13}},"9":{"start":{"line":23,"column":16},"end":{"line":24,"column":35}},"10":{"start":{"line":24,"column":20},"end":{"line":24,"column":35}},"11":{"start":{"line":25,"column":16},"end":{"line":25,"column":23}},"12":{"start":{"line":27,"column":12},"end":{"line":27,"column":28}},"13":{"start":{"line":31,"column":8},"end":{"line":32,"column":27}},"14":{"start":{"line":32,"column":12},"end":{"line":32,"column":27}},"15":{"start":{"line":35,"column":0},"end":{"line":35,"column":23}}},"fnMap":{"0":{"name":"(anonymous_0)","decl":{"start":{"line":2,"column":56},"end":{"line":2,"column":57}},"loc":{"start":{"line":2,"column":71},"end":{"line":4,"column":1}},"line":2},"1":{"name":"(anonymous_1)","decl":{"start":{"line":19,"column":17},"end":{"line":19,"column":18}},"loc":{"start":{"line":19,"column":45},"end":{"line":34,"column":1}},"line":19},"2":{"name":"(anonymous_2)","decl":{"start":{"line":21,"column":26},"end":{"line":21,"column":27}},"loc":{"start":{"line":21,"column":60},"end":{"line":28,"column":9}},"line":21}},"branchMap":{"0":{"loc":{"start":{"line":2,"column":22},"end":{"line":4,"column":1}},"type":"binary-expr","locations":[{"start":{"line":2,"column":23},"end":{"line":2,"column":27}},{"start":{"line":2,"column":31},"end":{"line":2,"column":51}},{"start":{"line":2,"column":56},"end":{"line":4,"column":1}}],"line":2},"1":{"loc":{"start":{"line":3,"column":11},"end":{"line":3,"column":61}},"type":"cond-expr","locations":[{"start":{"line":3,"column":37},"end":{"line":3,"column":40}},{"start":{"line":3,"column":43},"end":{"line":3,"column":61}}],"line":3},"2":{"loc":{"start":{"line":3,"column":12},"end":{"line":3,"column":33}},"type":"binary-expr","locations":[{"start":{"line":3,"column":12},"end":{"line":3,"column":15}},{"start":{"line":3,"column":19},"end":{"line":3,"column":33}}],"line":3},"3":{"loc":{"start":{"line":22,"column":12},"end":{"line":26,"column":13}},"type":"if","locations":[{"start":{"line":22,"column":12},"end":{"line":26,"column":13}},{"start":{"line":22,"column":12},"end":{"line":26,"column":13}}],"line":22},"4":{"loc":{"start":{"line":23,"column":16},"end":{"line":24,"column":35}},"type":"if","locations":[{"start":{"line":23,"column":16},"end":{"line":24,"column":35}},{"start":{"line":23,"column":16},"end":{"line":24,"column":35}}],"line":23},"5":{"loc":{"start":{"line":31,"column":8},"end":{"line":32,"column":27}},"type":"if","locations":[{"start":{"line":31,"column":8},"end":{"line":32,"column":27}},{"start":{"line":31,"column":8},"end":{"line":32,"column":27}}],"line":31}},"s":{"0":1,"1":1,"2":1,"3":1,"4":1,"5":1,"6":0,"7":0,"8":0,"9":0,"10":0,"11":0,"12":0,"13":0,"14":0,"15":1},"f":{"0":1,"1":0,"2":0},"b":{"0":[1,1,1],"1":[0,1],"2":[1,1],"3":[0,0],"4":[0,0],"5":[0,0]},"inputSourceMap":{"version":3,"file":"C:/Users/Riina/KOOL TLU/WaterMeterApp/server/src/database.ts","sources":["C:/Users/Riina/KOOL TLU/WaterMeterApp/server/src/database.ts"],"names":[],"mappings":";;;;;AAAA,oDAA2B;AAG3B,0EAA0E;AAC1E,MAAM,IAAI,GAAG,gBAAK,CAAC,UAAU,CAAC;IAC5B,IAAI,EAAE,OAAO,CAAC,GAAG,CAAC,UAAU;IAC5B,IAAI,EAAE,OAAO,CAAC,GAAG,CAAC,UAAU;IAC5B,QAAQ,EAAE,OAAO,CAAC,GAAG,CAAC,cAAc;IACpC,QAAQ,EAAE,OAAO,CAAC,GAAG,CAAC,cAAc;IACpC,IAAI,EAAE,IAAI;IACV,kBAAkB,EAAE,IAAI;IACxB,eAAe,EAAE,EAAE;IACnB,UAAU,EAAE,CAAC;IACb,kBAAkB,EAAE,IAAI;CACzB,CAAC,CAAC,OAAO,EAAE,CAAC;AAEb,MAAM,QAAQ,GAAG,CAAC,KAAU,EAAE,MAAW,EAAE,OAAW,EAAE,EAAE;IACxD,IAAI;QACF,IAAI,CAAC,KAAK,CAAC,KAAK,EAAE,UAAU,KAAU,EAAE,OAAW,EAAE,MAAW;YAC5D,IAAI,KAAK,EAAE;gBACP,IAAG,OAAO,KAAK,SAAS;oBACpB,OAAO,CAAC,KAAK,CAAC,CAAC;gBACnB,OAAO;aACV;YACD,MAAM,CAAC,OAAO,CAAC,CAAC;QACpB,CAAC,CAAC,CAAA;KACL;IACD,OAAO,KAAK,EAAE;QACV,IAAG,OAAO,KAAK,SAAS;YAAE,OAAO,CAAC,KAAK,CAAC,CAAA;KAC3C;AACD,CAAC,CAAA;AACD,kBAAe,IAAI,CAAC","sourcesContent":["import mysql from 'mysql2';\r\n\r\n\r\n// Create the connection pool. The pool-specific settings are the defaults\r\nconst pool = mysql.createPool({\r\n  host: process.env.MYSQL_HOST,\r\n  user: process.env.MYSQL_USER,\r\n  password: process.env.MYSQL_PASSWORD,\r\n  database: process.env.MYSQL_DATABASE,\r\n  port: 3306,\r\n  waitForConnections: true,\r\n  connectionLimit: 10,\r\n  queueLimit: 0,\r\n  multipleStatements: true,\r\n}).promise();\r\n\r\nconst querySql = (query: any, onData: any, onError:any) => {\r\n  try {\r\n    pool.query(query, function (error: any, results:any, fields: any) {\r\n        if (error) {\r\n            if(onError !== undefined)\r\n                onError(error);\r\n            return;\r\n        }\r\n        onData(results);\r\n    })\r\n}\r\ncatch (error) {\r\n    if(onError !== undefined) onError(error)\r\n}\r\n}\r\nexport default pool;"]},"_coverageSchema":"1a1c01bbd47fc00a2c39e90264f33305004495a9","hash":"ec60384e966315b38a21ba7362753e7562b228d0","contentHash":"80e35144073b3b1cc83ac2ddaf0b971ac58947b8a331412bf24cc4776ca807d6"},"C:\\Users\\Riina\\KOOL TLU\\WaterMeterApp\\server\\src\\components\\services\\authServices.ts":{"path":"C:\\Users\\Riina\\KOOL TLU\\WaterMeterApp\\server\\src\\components\\services\\authServices.ts","statementMap":{"0":{"start":{"line":2,"column":16},"end":{"line":10,"column":1}},"1":{"start":{"line":3,"column":28},"end":{"line":3,"column":110}},"2":{"start":{"line":3,"column":91},"end":{"line":3,"column":106}},"3":{"start":{"line":4,"column":4},"end":{"line":9,"column":7}},"4":{"start":{"line":5,"column":36},"end":{"line":5,"column":97}},"5":{"start":{"line":5,"column":42},"end":{"line":5,"column":70}},"6":{"start":{"line":5,"column":85},"end":{"line":5,"column":95}},"7":{"start":{"line":6,"column":35},"end":{"line":6,"column":100}},"8":{"start":{"line":6,"column":41},"end":{"line":6,"column":73}},"9":{"start":{"line":6,"column":88},"end":{"line":6,"column":98}},"10":{"start":{"line":7,"column":32},"end":{"line":7,"column":116}},"11":{"start":{"line":8,"column":8},"end":{"line":8,"column":78}},"12":{"start":{"line":11,"column":22},"end":{"line":13,"column":1}},"13":{"start":{"line":12,"column":4},"end":{"line":12,"column":62}},"14":{"start":{"line":14,"column":0},"end":{"line":14,"column":62}},"15":{"start":{"line":15,"column":17},"end":{"line":15,"column":51}},"16":{"start":{"line":16,"column":23},"end":{"line":16,"column":63}},"17":{"start":{"line":17,"column":17},"end":{"line":17,"column":45}},"18":{"start":{"line":18,"column":18},"end":{"line":18,"column":62}},"19":{"start":{"line":19,"column":13},"end":{"line":29,"column":2}},"20":{"start":{"line":19,"column":27},"end":{"line":29,"column":2}},"21":{"start":{"line":20,"column":4},"end":{"line":25,"column":5}},"22":{"start":{"line":21,"column":8},"end":{"line":21,"column":55}},"23":{"start":{"line":24,"column":8},"end":{"line":24,"column":70}},"24":{"start":{"line":26,"column":17},"end":{"line":26,"column":66}},"25":{"start":{"line":27,"column":4},"end":{"line":27,"column":32}},"26":{"start":{"line":28,"column":4},"end":{"line":28,"column":16}},"27":{"start":{"line":30,"column":16},"end":{"line":33,"column":2}},"28":{"start":{"line":30,"column":36},"end":{"line":33,"column":2}},"29":{"start":{"line":31,"column":18},"end":{"line":31,"column":64}},"30":{"start":{"line":32,"column":4},"end":{"line":32,"column":17}},"31":{"start":{"line":34,"column":13},"end":{"line":42,"column":2}},"32":{"start":{"line":34,"column":23},"end":{"line":42,"column":2}},"33":{"start":{"line":35,"column":20},"end":{"line":38,"column":5}},"34":{"start":{"line":39,"column":18},"end":{"line":39,"column":92}},"35":{"start":{"line":40,"column":4},"end":{"line":40,"column":34}},"36":{"start":{"line":41,"column":4},"end":{"line":41,"column":17}},"37":{"start":{"line":43,"column":15},"end":{"line":46,"column":2}},"38":{"start":{"line":43,"column":26},"end":{"line":46,"column":2}},"39":{"start":{"line":44,"column":20},"end":{"line":44,"column":73}},"40":{"start":{"line":45,"column":4},"end":{"line":45,"column":19}},"41":{"start":{"line":47,"column":21},"end":{"line":52,"column":1}},"42":{"start":{"line":53,"column":0},"end":{"line":53,"column":31}}},"fnMap":{"0":{"name":"(anonymous_0)","decl":{"start":{"line":2,"column":44},"end":{"line":2,"column":45}},"loc":{"start":{"line":2,"column":89},"end":{"line":10,"column":1}},"line":2},"1":{"name":"adopt","decl":{"start":{"line":3,"column":13},"end":{"line":3,"column":18}},"loc":{"start":{"line":3,"column":26},"end":{"line":3,"column":112}},"line":3},"2":{"name":"(anonymous_2)","decl":{"start":{"line":3,"column":70},"end":{"line":3,"column":71}},"loc":{"start":{"line":3,"column":89},"end":{"line":3,"column":108}},"line":3},"3":{"name":"(anonymous_3)","decl":{"start":{"line":4,"column":36},"end":{"line":4,"column":37}},"loc":{"start":{"line":4,"column":63},"end":{"line":9,"column":5}},"line":4},"4":{"name":"fulfilled","decl":{"start":{"line":5,"column":17},"end":{"line":5,"column":26}},"loc":{"start":{"line":5,"column":34},"end":{"line":5,"column":99}},"line":5},"5":{"name":"rejected","decl":{"start":{"line":6,"column":17},"end":{"line":6,"column":25}},"loc":{"start":{"line":6,"column":33},"end":{"line":6,"column":102}},"line":6},"6":{"name":"step","decl":{"start":{"line":7,"column":17},"end":{"line":7,"column":21}},"loc":{"start":{"line":7,"column":30},"end":{"line":7,"column":118}},"line":7},"7":{"name":"(anonymous_7)","decl":{"start":{"line":11,"column":56},"end":{"line":11,"column":57}},"loc":{"start":{"line":11,"column":71},"end":{"line":13,"column":1}},"line":11},"8":{"name":"(anonymous_8)","decl":{"start":{"line":19,"column":13},"end":{"line":19,"column":14}},"loc":{"start":{"line":19,"column":27},"end":{"line":29,"column":2}},"line":19},"9":{"name":"(anonymous_9)","decl":{"start":{"line":19,"column":61},"end":{"line":19,"column":62}},"loc":{"start":{"line":19,"column":74},"end":{"line":29,"column":1}},"line":19},"10":{"name":"(anonymous_10)","decl":{"start":{"line":30,"column":16},"end":{"line":30,"column":17}},"loc":{"start":{"line":30,"column":36},"end":{"line":33,"column":2}},"line":30},"11":{"name":"(anonymous_11)","decl":{"start":{"line":30,"column":70},"end":{"line":30,"column":71}},"loc":{"start":{"line":30,"column":83},"end":{"line":33,"column":1}},"line":30},"12":{"name":"(anonymous_12)","decl":{"start":{"line":34,"column":13},"end":{"line":34,"column":14}},"loc":{"start":{"line":34,"column":23},"end":{"line":42,"column":2}},"line":34},"13":{"name":"(anonymous_13)","decl":{"start":{"line":34,"column":57},"end":{"line":34,"column":58}},"loc":{"start":{"line":34,"column":70},"end":{"line":42,"column":1}},"line":34},"14":{"name":"(anonymous_14)","decl":{"start":{"line":43,"column":15},"end":{"line":43,"column":16}},"loc":{"start":{"line":43,"column":26},"end":{"line":46,"column":2}},"line":43},"15":{"name":"(anonymous_15)","decl":{"start":{"line":43,"column":60},"end":{"line":43,"column":61}},"loc":{"start":{"line":43,"column":73},"end":{"line":46,"column":1}},"line":43}},"branchMap":{"0":{"loc":{"start":{"line":2,"column":16},"end":{"line":10,"column":1}},"type":"binary-expr","locations":[{"start":{"line":2,"column":17},"end":{"line":2,"column":21}},{"start":{"line":2,"column":25},"end":{"line":2,"column":39}},{"start":{"line":2,"column":44},"end":{"line":10,"column":1}}],"line":2},"1":{"loc":{"start":{"line":3,"column":35},"end":{"line":3,"column":109}},"type":"cond-expr","locations":[{"start":{"line":3,"column":56},"end":{"line":3,"column":61}},{"start":{"line":3,"column":64},"end":{"line":3,"column":109}}],"line":3},"2":{"loc":{"start":{"line":4,"column":16},"end":{"line":4,"column":34}},"type":"binary-expr","locations":[{"start":{"line":4,"column":16},"end":{"line":4,"column":17}},{"start":{"line":4,"column":22},"end":{"line":4,"column":33}}],"line":4},"3":{"loc":{"start":{"line":7,"column":32},"end":{"line":7,"column":115}},"type":"cond-expr","locations":[{"start":{"line":7,"column":46},"end":{"line":7,"column":67}},{"start":{"line":7,"column":70},"end":{"line":7,"column":115}}],"line":7},"4":{"loc":{"start":{"line":8,"column":51},"end":{"line":8,"column":67}},"type":"binary-expr","locations":[{"start":{"line":8,"column":51},"end":{"line":8,"column":61}},{"start":{"line":8,"column":65},"end":{"line":8,"column":67}}],"line":8},"5":{"loc":{"start":{"line":11,"column":22},"end":{"line":13,"column":1}},"type":"binary-expr","locations":[{"start":{"line":11,"column":23},"end":{"line":11,"column":27}},{"start":{"line":11,"column":31},"end":{"line":11,"column":51}},{"start":{"line":11,"column":56},"end":{"line":13,"column":1}}],"line":11},"6":{"loc":{"start":{"line":12,"column":11},"end":{"line":12,"column":61}},"type":"cond-expr","locations":[{"start":{"line":12,"column":37},"end":{"line":12,"column":40}},{"start":{"line":12,"column":43},"end":{"line":12,"column":61}}],"line":12},"7":{"loc":{"start":{"line":12,"column":12},"end":{"line":12,"column":33}},"type":"binary-expr","locations":[{"start":{"line":12,"column":12},"end":{"line":12,"column":15}},{"start":{"line":12,"column":19},"end":{"line":12,"column":33}}],"line":12},"8":{"loc":{"start":{"line":17,"column":17},"end":{"line":17,"column":45}},"type":"binary-expr","locations":[{"start":{"line":17,"column":17},"end":{"line":17,"column":39}},{"start":{"line":17,"column":43},"end":{"line":17,"column":45}}],"line":17},"9":{"loc":{"start":{"line":18,"column":18},"end":{"line":18,"column":62}},"type":"binary-expr","locations":[{"start":{"line":18,"column":18},"end":{"line":18,"column":40}},{"start":{"line":18,"column":44},"end":{"line":18,"column":62}}],"line":18},"10":{"loc":{"start":{"line":20,"column":4},"end":{"line":25,"column":5}},"type":"if","locations":[{"start":{"line":20,"column":4},"end":{"line":25,"column":5}},{"start":{"line":20,"column":4},"end":{"line":25,"column":5}}],"line":20}},"s":{"0":1,"1":0,"2":0,"3":0,"4":0,"5":0,"6":0,"7":0,"8":0,"9":0,"10":0,"11":0,"12":1,"13":2,"14":1,"15":1,"16":1,"17":1,"18":1,"19":1,"20":0,"21":0,"22":0,"23":0,"24":0,"25":0,"26":0,"27":1,"28":0,"29":0,"30":0,"31":1,"32":0,"33":0,"34":0,"35":0,"36":0,"37":1,"38":0,"39":0,"40":0,"41":1,"42":1},"f":{"0":0,"1":0,"2":0,"3":0,"4":0,"5":0,"6":0,"7":2,"8":0,"9":0,"10":0,"11":0,"12":0,"13":0,"14":0,"15":0},"b":{"0":[1,1,1],"1":[0,0],"2":[0,0],"3":[0,0],"4":[0,0],"5":[1,1,1],"6":[0,2],"7":[2,2],"8":[1,1],"9":[1,1],"10":[0,0]},"inputSourceMap":{"version":3,"file":"C:/Users/Riina/KOOL TLU/WaterMeterApp/server/src/components/services/authServices.ts","sources":["C:/Users/Riina/KOOL TLU/WaterMeterApp/server/src/components/services/authServices.ts"],"names":[],"mappings":";;;;;;;;;;;;;;AACA,oDAA4B;AAC5B,gEAA+B;AAG/B,IAAI,UAAU,GAAG,OAAO,CAAC,GAAG,CAAC,UAAU,IAAI,EAAE,CAAC;AAC9C,MAAM,SAAS,GAAG,OAAO,CAAC,GAAG,CAAC,UAAU,IAAI,kBAAkB,CAAC,CAAC,MAAM;AAGtE,MAAM,IAAI,GAAG,CAAO,QAAe,EAAmB,EAAE;IACpD,IAAI,OAAO,CAAC,GAAG,CAAC,WAAW,EAAE;QACzB,UAAU,GAAG,QAAQ,CAAC,OAAO,CAAC,GAAG,CAAC,WAAW,CAAC,CAAA;KACjD;SAAM;QACP,MAAM,IAAI,KAAK,CAAC,4CAA4C,CAAC,CAAA;KAC5D;IACD,MAAM,IAAI,GAAG,MAAM,gBAAM,CAAC,IAAI,CAAC,QAAQ,EAAE,UAAU,CAAC,CAAC;IACrD,OAAO,CAAC,GAAG,CAAC,QAAQ,EAAE,IAAI,CAAC,CAAA;IAC3B,OAAO,IAAI,CAAC;AAChB,CAAC,CAAA,CAAA;AACD,MAAM,OAAO,GAAG,CAAO,QAAe,EAAE,IAAY,EAAoB,EAAE;IACtE,MAAM,KAAK,GAAG,MAAM,gBAAM,CAAC,OAAO,CAAC,QAAQ,EAAE,IAAI,CAAC,CAAC;IAEnD,OAAO,KAAK,CAAA;AAChB,CAAC,CAAA,CAAA;AACD,MAAM,IAAI,GAAG,CAAO,IAAU,EAAmB,EAAE;IAC/C,MAAM,OAAO,GAAG;QACZ,EAAE,EAAE,IAAI,CAAC,EAAE;QACX,KAAK,EAAE,IAAI,CAAC,KAAK;KACpB,CAAA;IACD,MAAM,KAAK,GAAG,MAAM,sBAAG,CAAC,IAAI,CAAC,OAAO,EAAE,SAAS,EAAE,EAAE,SAAS,EAAE,IAAI,EAAE,CAAC,CAAC;IACtE,OAAO,CAAC,GAAG,CAAC,SAAS,EAAE,KAAK,CAAC,CAAA;IAC7B,OAAO,KAAK,CAAA;AAChB,CAAC,CAAA,CAAA;AACD,MAAM,MAAM,GAAG,CAAO,KAAY,EAAE,EAAE;IAClC,MAAM,OAAO,GAAG,MAAM,sBAAG,CAAC,MAAM,CAAC,KAAK,EAAE,SAAS,CAAC,CAAC;IACnD,OAAO,OAAO,CAAA;AAClB,CAAC,CAAA,CAAA;AACD,MAAM,YAAY,GAAG;IACjB,IAAI;IACJ,OAAO;IACP,IAAI;IACJ,MAAM;CACT,CAAA;AAED,kBAAe,YAAY,CAAC","sourcesContent":["\r\nimport bcrypt from 'bcrypt';\r\nimport jwt from 'jsonwebtoken';\r\nimport { IUser } from '../interfaces/usersInterfaces';\r\n\r\nlet saltRounds = process.env.SALTROUNDS || 10;\r\nconst jwtSecret = process.env.JWT_SECRET || \"youwillneverknow\"; //TODO\r\n\r\n\r\nconst hash = async (password:string): Promise<string> => {\r\n    if (process.env.SALT_ROUNDS) {\r\n        saltRounds = parseInt(process.env.SALT_ROUNDS)\r\n    } else {\r\n    throw new Error(\"saltRounds environment variable is not set\")\r\n    }\r\n    const hash = await bcrypt.hash(password, saltRounds);\r\n    console.log(\"hash: \", hash)\r\n    return hash;\r\n}\r\nconst compare = async (password:string, hash: string): Promise<boolean> => {\r\n    const match = await bcrypt.compare(password, hash);\r\n    \r\n    return match\r\n}\r\nconst sign = async (user:IUser): Promise<string> => {\r\n    const payload = {\r\n        id: user.id,\r\n        email: user.email,\r\n    }\r\n    const token = await jwt.sign(payload, jwtSecret, { expiresIn: '4h' });\r\n    console.log(\"token: \", token)\r\n    return token\r\n}\r\nconst verify = async (token:string) => {\r\n    const decoded = await jwt.verify(token, jwtSecret);    \r\n    return decoded\r\n}\r\nconst authServices = {\r\n    hash,\r\n    compare,\r\n    sign,\r\n    verify\r\n}\r\n\r\nexport default authServices;"]},"_coverageSchema":"1a1c01bbd47fc00a2c39e90264f33305004495a9","hash":"9150ac7e3ca94ebc181530e0678f3b546d41a754","contentHash":"9cf05ac4ae082d4ac8d791b55c5fdb645f1fa19e4968dcb5a14ccde4719612d8"},"C:\\Users\\Riina\\KOOL TLU\\WaterMeterApp\\server\\src\\middleware\\usersMiddlewares.ts":{"path":"C:\\Users\\Riina\\KOOL TLU\\WaterMeterApp\\server\\src\\middleware\\usersMiddlewares.ts","statementMap":{"0":{"start":{"line":2,"column":0},"end":{"line":2,"column":62}},"1":{"start":{"line":3,"column":28},"end":{"line":13,"column":1}},"2":{"start":{"line":4,"column":76},"end":{"line":4,"column":84}},"3":{"start":{"line":5,"column":4},"end":{"line":10,"column":5}},"4":{"start":{"line":6,"column":8},"end":{"line":9,"column":11}},"5":{"start":{"line":12,"column":4},"end":{"line":12,"column":18}},"6":{"start":{"line":14,"column":25},"end":{"line":16,"column":1}},"7":{"start":{"line":17,"column":0},"end":{"line":17,"column":35}}},"fnMap":{"0":{"name":"(anonymous_0)","decl":{"start":{"line":3,"column":28},"end":{"line":3,"column":29}},"loc":{"start":{"line":3,"column":48},"end":{"line":13,"column":1}},"line":3}},"branchMap":{"0":{"loc":{"start":{"line":5,"column":4},"end":{"line":10,"column":5}},"type":"if","locations":[{"start":{"line":5,"column":4},"end":{"line":10,"column":5}},{"start":{"line":5,"column":4},"end":{"line":10,"column":5}}],"line":5},"1":{"loc":{"start":{"line":5,"column":8},"end":{"line":5,"column":83}},"type":"binary-expr","locations":[{"start":{"line":5,"column":8},"end":{"line":5,"column":18}},{"start":{"line":5,"column":22},"end":{"line":5,"column":31}},{"start":{"line":5,"column":35},"end":{"line":5,"column":41}},{"start":{"line":5,"column":45},"end":{"line":5,"column":54}},{"start":{"line":5,"column":58},"end":{"line":5,"column":73}},{"start":{"line":5,"column":77},"end":{"line":5,"column":83}}],"line":5}},"s":{"0":1,"1":1,"2":0,"3":0,"4":0,"5":0,"6":1,"7":1},"f":{"0":0},"b":{"0":[0,0],"1":[0,0,0,0,0,0]},"inputSourceMap":{"version":3,"file":"C:/Users/Riina/KOOL TLU/WaterMeterApp/server/src/middleware/usersMiddlewares.ts","sources":["C:/Users/Riina/KOOL TLU/WaterMeterApp/server/src/middleware/usersMiddlewares.ts"],"names":[],"mappings":";;AAGA,MAAM,mBAAmB,GAAG,CAAC,GAAY,EAAE,GAAa,EAAE,IAAkB,EAAE,EAAE;IAC5E,MAAM,EAAE,SAAS,EAAE,QAAQ,EAAE,KAAK,EAAE,QAAQ,EAAE,cAAc,EAAE,KAAK,EAAE,GAAG,GAAG,CAAC,IAAI,CAAC;IACjF,IAAI,CAAC,SAAS,IAAI,CAAC,QAAQ,IAAI,CAAC,KAAK,IAAI,CAAC,QAAQ,IAAI,CAAC,cAAc,IAAI,CAAC,KAAK,EAAE;QAC7E,OAAO,GAAG,CAAC,MAAM,CAAC,GAAG,CAAC,CAAC,IAAI,CAAC;YACxB,OAAO,EAAE,KAAK;YACd,OAAO,EAAE,oFAAoF;SAChG,CAAC,CAAC;KACN;IAAA,CAAC;IACF,OAAO,IAAI,EAAE,CAAC;AAClB,CAAC,CAAA;AAED,MAAM,gBAAgB,GAAG;IACrB,mBAAmB;CACtB,CAAC;AAEF,kBAAe,gBAAgB,CAAC","sourcesContent":["import { Request, Response, NextFunction } from \"express\";\r\n\r\n\r\nconst checkCreateUserData = (req: Request, res: Response, next: NextFunction) => {\r\n    const { firstName, lastName, email, password, personalNumber, phone } = req.body;\r\n    if (!firstName || !lastName || !email || !password || !personalNumber || !phone) {\r\n        return res.status(400).json({\r\n            success: false,\r\n            message: `Some data is missing (firstName, lastName, email, password, personalNumber, phone)`,\r\n        });\r\n    };\r\n    return next();\r\n}\r\n\r\nconst usersMiddlewares = {\r\n    checkCreateUserData\r\n};\r\n\r\nexport default usersMiddlewares;"]},"_coverageSchema":"1a1c01bbd47fc00a2c39e90264f33305004495a9","hash":"cf0f2e41763c228831fa9cdfc07a6fa9b502e58a","contentHash":"8bd9c021acc18fc6b7d08b0dc64310a6e5753227002e69931e11613a1f7b2f68"},"C:\\Users\\Riina\\KOOL TLU\\WaterMeterApp\\server\\src\\routes\\addressesRoutes.ts":{"path":"C:\\Users\\Riina\\KOOL TLU\\WaterMeterApp\\server\\src\\routes\\addressesRoutes.ts","statementMap":{"0":{"start":{"line":2,"column":22},"end":{"line":4,"column":1}},"1":{"start":{"line":3,"column":4},"end":{"line":3,"column":62}},"2":{"start":{"line":5,"column":0},"end":{"line":5,"column":62}},"3":{"start":{"line":6,"column":18},"end":{"line":6,"column":53}},"4":{"start":{"line":7,"column":30},"end":{"line":7,"column":103}},"5":{"start":{"line":8,"column":31},"end":{"line":8,"column":93}},"6":{"start":{"line":9,"column":24},"end":{"line":9,"column":50}},"7":{"start":{"line":10,"column":0},"end":{"line":14,"column":69}},"8":{"start":{"line":15,"column":0},"end":{"line":15,"column":34}}},"fnMap":{"0":{"name":"(anonymous_0)","decl":{"start":{"line":2,"column":56},"end":{"line":2,"column":57}},"loc":{"start":{"line":2,"column":71},"end":{"line":4,"column":1}},"line":2}},"branchMap":{"0":{"loc":{"start":{"line":2,"column":22},"end":{"line":4,"column":1}},"type":"binary-expr","locations":[{"start":{"line":2,"column":23},"end":{"line":2,"column":27}},{"start":{"line":2,"column":31},"end":{"line":2,"column":51}},{"start":{"line":2,"column":56},"end":{"line":4,"column":1}}],"line":2},"1":{"loc":{"start":{"line":3,"column":11},"end":{"line":3,"column":61}},"type":"cond-expr","locations":[{"start":{"line":3,"column":37},"end":{"line":3,"column":40}},{"start":{"line":3,"column":43},"end":{"line":3,"column":61}}],"line":3},"2":{"loc":{"start":{"line":3,"column":12},"end":{"line":3,"column":33}},"type":"binary-expr","locations":[{"start":{"line":3,"column":12},"end":{"line":3,"column":15}},{"start":{"line":3,"column":19},"end":{"line":3,"column":33}}],"line":3}},"s":{"0":1,"1":3,"2":1,"3":1,"4":1,"5":1,"6":1,"7":1,"8":1},"f":{"0":3},"b":{"0":[1,1,1],"1":[2,1],"2":[3,3]},"inputSourceMap":{"version":3,"file":"C:/Users/Riina/KOOL TLU/WaterMeterApp/server/src/routes/addressesRoutes.ts","sources":["C:/Users/Riina/KOOL TLU/WaterMeterApp/server/src/routes/addressesRoutes.ts"],"names":[],"mappings":";;;;;AAAA,sDAA8B;AAC9B,wGAAiF;AACjF,8FAAsE;AAEtE,MAAM,eAAe,GAAG,iBAAO,CAAC,MAAM,EAAE,CAAC;AAEzC,eAAe;KACV,GAAG,CAAC,GAAG,EAAE,6BAAoB,CAAC,eAAe,CAAC;KAC9C,GAAG,CAAC,MAAM,EAAE,6BAAoB,CAAC,cAAc,CAAC;KAChD,IAAI,CAAC,MAAM,EAAE,8BAAoB,CAAC,sBAAsB,EAAE,6BAAoB,CAAC,gBAAgB,CAAC;KAChG,MAAM,CAAC,MAAM,EAAE,6BAAoB,CAAC,iBAAiB,CAAC,CAAC;AAE5D,kBAAe,eAAe,CAAC","sourcesContent":["import express from 'express';\r\nimport addressesControllers from '../components/controllers/addressesController';\r\nimport addressesMiddlewares from '../middleware/addressesMiddlewares';\r\n\r\nconst addressesRoutes = express.Router();\r\n\r\naddressesRoutes\r\n    .get(\"/\", addressesControllers.getAllAddresses)\r\n    .get(\"/:id\", addressesControllers.getAddressById)\r\n    .post(\"/:id\", addressesMiddlewares.checkCreateAddressData, addressesControllers.createNewAddress)\r\n    .delete(\"/:id\", addressesControllers.deleteAddressById);\r\n\r\nexport default addressesRoutes;"]},"_coverageSchema":"1a1c01bbd47fc00a2c39e90264f33305004495a9","hash":"6de3d36a7c0aefafb88752a5f9ee97ddf556f25a","contentHash":"c628b33bfe15d4727f34c7b8149882d016c9eaae5315177255c79dab5addeded"},"C:\\Users\\Riina\\KOOL TLU\\WaterMeterApp\\server\\src\\components\\controllers\\addressesController.ts":{"path":"C:\\Users\\Riina\\KOOL TLU\\WaterMeterApp\\server\\src\\components\\controllers\\addressesController.ts","statementMap":{"0":{"start":{"line":2,"column":16},"end":{"line":10,"column":1}},"1":{"start":{"line":3,"column":28},"end":{"line":3,"column":110}},"2":{"start":{"line":3,"column":91},"end":{"line":3,"column":106}},"3":{"start":{"line":4,"column":4},"end":{"line":9,"column":7}},"4":{"start":{"line":5,"column":36},"end":{"line":5,"column":97}},"5":{"start":{"line":5,"column":42},"end":{"line":5,"column":70}},"6":{"start":{"line":5,"column":85},"end":{"line":5,"column":95}},"7":{"start":{"line":6,"column":35},"end":{"line":6,"column":100}},"8":{"start":{"line":6,"column":41},"end":{"line":6,"column":73}},"9":{"start":{"line":6,"column":88},"end":{"line":6,"column":98}},"10":{"start":{"line":7,"column":32},"end":{"line":7,"column":116}},"11":{"start":{"line":8,"column":8},"end":{"line":8,"column":78}},"12":{"start":{"line":11,"column":22},"end":{"line":13,"column":1}},"13":{"start":{"line":12,"column":4},"end":{"line":12,"column":62}},"14":{"start":{"line":14,"column":0},"end":{"line":14,"column":62}},"15":{"start":{"line":15,"column":26},"end":{"line":15,"column":81}},"16":{"start":{"line":16,"column":24},"end":{"line":30,"column":1}},"17":{"start":{"line":17,"column":4},"end":{"line":29,"column":5}},"18":{"start":{"line":19,"column":23},"end":{"line":19,"column":41}},"19":{"start":{"line":20,"column":8},"end":{"line":20,"column":64}},"20":{"start":{"line":21,"column":8},"end":{"line":25,"column":11}},"21":{"start":{"line":28,"column":8}
[...]
    success: true,\r\n        message: 'token',\r\n        token,\r\n    });\r\n}\r\n  \r\nconst authController = {\r\n    login\r\n};\r\n\r\nexport default authController;"]},"_coverageSchema":"1a1c01bbd47fc00a2c39e90264f33305004495a9","hash":"e061d63886e0e5cf3a177142c69b2f2fbe9de08e","contentHash":"c9076a1c5c3c878ccbac1b90d214f718df15d3b514bf740b0b0bb552d604f1f2"},"C:\\Users\\Riina\\KOOL TLU\\WaterMeterApp\\server\\src\\middleware\\authMiddleWare.ts":{"path":"C:\\Users\\Riina\\KOOL TLU\\WaterMeterApp\\server\\src\\middleware\\authMiddleWare.ts","statementMap":{"0":{"start":{"line":2,"column":16},"end":{"line":10,"column":1}},"1":{"start":{"line":3,"column":28},"end":{"line":3,"column":110}},"2":{"start":{"line":3,"column":91},"end":{"line":3,"column":106}},"3":{"start":{"line":4,"column":4},"end":{"line":9,"column":7}},"4":{"start":{"line":5,"column":36},"end":{"line":5,"column":97}},"5":{"start":{"line":5,"column":42},"end":{"line":5,"column":70}},"6":{"start":{"line":5,"column":85},"end":{"line":5,"column":95}},"7":{"start":{"line":6,"column":35},"end":{"line":6,"column":100}},"8":{"start":{"line":6,"column":41},"end":{"line":6,"column":73}},"9":{"start":{"line":6,"column":88},"end":{"line":6,"column":98}},"10":{"start":{"line":7,"column":32},"end":{"line":7,"column":116}},"11":{"start":{"line":8,"column":8},"end":{"line":8,"column":78}},"12":{"start":{"line":11,"column":22},"end":{"line":13,"column":1}},"13":{"start":{"line":12,"column":4},"end":{"line":12,"column":62}},"14":{"start":{"line":14,"column":0},"end":{"line":14,"column":62}},"15":{"start":{"line":15,"column":23},"end":{"line":15,"column":86}},"16":{"start":{"line":16,"column":19},"end":{"line":36,"column":2}},"17":{"start":{"line":16,"column":39},"end":{"line":36,"column":2}},"18":{"start":{"line":18,"column":18},"end":{"line":18,"column":104}},"19":{"start":{"line":19,"column":4},"end":{"line":24,"column":5}},"20":{"start":{"line":20,"column":8},"end":{"line":23,"column":11}},"21":{"start":{"line":25,"column":4},"end":{"line":34,"column":5}},"22":{"start":{"line":26,"column":24},"end":{"line":26,"column":66}},"23":{"start":{"line":27,"column":8},"end":{"line":27,"column":34}},"24":{"start":{"line":30,"column":8},"end":{"line":33,"column":11}},"25":{"start":{"line":35,"column":4},"end":{"line":35,"column":18}},"26":{"start":{"line":37,"column":16},"end":{"line":45,"column":2}},"27":{"start":{"line":37,"column":36},"end":{"line":45,"column":2}},"28":{"start":{"line":38,"column":4},"end":{"line":43,"column":5}},"29":{"start":{"line":39,"column":8},"end":{"line":42,"column":11}},"30":{"start":{"line":44,"column":4},"end":{"line":44,"column":18}},"31":{"start":{"line":46,"column":23},"end":{"line":49,"column":1}},"32":{"start":{"line":50,"column":0},"end":{"line":50,"column":33}}},"fnMap":{"0":{"name":"(anonymous_0)","decl":{"start":{"line":2,"column":44},"end":{"line":2,"column":45}},"loc":{"start":{"line":2,"column":89},"end":{"line":10,"column":1}},"line":2},"1":{"name":"adopt","decl":{"start":{"line":3,"column":13},"end":{"line":3,"column":18}},"loc":{"start":{"line":3,"column":26},"end":{"line":3,"column":112}},"line":3},"2":{"name":"(anonymous_2)","decl":{"start":{"line":3,"column":70},"end":{"line":3,"column":71}},"loc":{"start":{"line":3,"column":89},"end":{"line":3,"column":108}},"line":3},"3":{"name":"(anonymous_3)","decl":{"start":{"line":4,"column":36},"end":{"line":4,"column":37}},"loc":{"start":{"line":4,"column":63},"end":{"line":9,"column":5}},"line":4},"4":{"name":"fulfilled","decl":{"start":{"line":5,"column":17},"end":{"line":5,"column":26}},"loc":{"start":{"line":5,"column":34},"end":{"line":5,"column":99}},"line":5},"5":{"name":"rejected","decl":{"start":{"line":6,"column":17},"end":{"line":6,"column":25}},"loc":{"start":{"line":6,"column":33},"end":{"line":6,"column":102}},"line":6},"6":{"name":"step","decl":{"start":{"line":7,"column":17},"end":{"line":7,"column":21}},"loc":{"start":{"line":7,"column":30},"end":{"line":7,"column":118}},"line":7},"7":{"name":"(anonymous_7)","decl":{"start":{"line":11,"column":56},"end":{"line":11,"column":57}},"loc":{"start":{"line":11,"column":71},"end":{"line":13,"column":1}},"line":11},"8":{"name":"(anonymous_8)","decl":{"start":{"line":16,"column":19},"end":{"line":16,"column":20}},"loc":{"start":{"line":16,"column":39},"end":{"line":36,"column":2}},"line":16},"9":{"name":"(anonymous_9)","decl":{"start":{"line":16,"column":73},"end":{"line":16,"column":74}},"loc":{"start":{"line":16,"column":86},"end":{"line":36,"column":1}},"line":16},"10":{"name":"(anonymous_10)","decl":{"start":{"line":37,"column":16},"end":{"line":37,"column":17}},"loc":{"start":{"line":37,"column":36},"end":{"line":45,"column":2}},"line":37},"11":{"name":"(anonymous_11)","decl":{"start":{"line":37,"column":70},"end":{"line":37,"column":71}},"loc":{"start":{"line":37,"column":83},"end":{"line":45,"column":1}},"line":37}},"branchMap":{"0":{"loc":{"start":{"line":2,"column":16},"end":{"line":10,"column":1}},"type":"binary-expr","locations":[{"start":{"line":2,"column":17},"end":{"line":2,"column":21}},{"start":{"line":2,"column":25},"end":{"line":2,"column":39}},{"start":{"line":2,"column":44},"end":{"line":10,"column":1}}],"line":2},"1":{"loc":{"start":{"line":3,"column":35},"end":{"line":3,"column":109}},"type":"cond-expr","locations":[{"start":{"line":3,"column":56},"end":{"line":3,"column":61}},{"start":{"line":3,"column":64},"end":{"line":3,"column":109}}],"line":3},"2":{"loc":{"start":{"line":4,"column":16},"end":{"line":4,"column":34}},"type":"binary-expr","locations":[{"start":{"line":4,"column":16},"end":{"line":4,"column":17}},{"start":{"line":4,"column":22},"end":{"line":4,"column":33}}],"line":4},"3":{"loc":{"start":{"line":7,"column":32},"end":{"line":7,"column":115}},"type":"cond-expr","locations":[{"start":{"line":7,"column":46},"end":{"line":7,"column":67}},{"start":{"line":7,"column":70},"end":{"line":7,"column":115}}],"line":7},"4":{"loc":{"start":{"line":8,"column":51},"end":{"line":8,"column":67}},"type":"binary-expr","locations":[{"start":{"line":8,"column":51},"end":{"line":8,"column":61}},{"start":{"line":8,"column":65},"end":{"line":8,"column":67}}],"line":8},"5":{"loc":{"start":{"line":11,"column":22},"end":{"line":13,"column":1}},"type":"binary-expr","locations":[{"start":{"line":11,"column":23},"end":{"line":11,"column":27}},{"start":{"line":11,"column":31},"end":{"line":11,"column":51}},{"start":{"line":11,"column":56},"end":{"line":13,"column":1}}],"line":11},"6":{"loc":{"start":{"line":12,"column":11},"end":{"line":12,"column":61}},"type":"cond-expr","locations":[{"start":{"line":12,"column":37},"end":{"line":12,"column":40}},{"start":{"line":12,"column":43},"end":{"line":12,"column":61}}],"line":12},"7":{"loc":{"start":{"line":12,"column":12},"end":{"line":12,"column":33}},"type":"binary-expr","locations":[{"start":{"line":12,"column":12},"end":{"line":12,"column":15}},{"start":{"line":12,"column":19},"end":{"line":12,"column":33}}],"line":12},"8":{"loc":{"start":{"line":18,"column":18},"end":{"line":18,"column":104}},"type":"cond-expr","locations":[{"start":{"line":18,"column":79},"end":{"line":18,"column":85}},{"start":{"line":18,"column":88},"end":{"line":18,"column":104}}],"line":18},"9":{"loc":{"start":{"line":18,"column":18},"end":{"line":18,"column":76}},"type":"binary-expr","locations":[{"start":{"line":18,"column":18},"end":{"line":18,"column":59}},{"start":{"line":18,"column":63},"end":{"line":18,"column":76}}],"line":18},"10":{"loc":{"start":{"line":19,"column":4},"end":{"line":24,"column":5}},"type":"if","locations":[{"start":{"line":19,"column":4},"end":{"line":24,"column":5}},{"start":{"line":19,"column":4},"end":{"line":24,"column":5}}],"line":19},"11":{"loc":{"start":{"line":38,"column":4},"end":{"line":43,"column":5}},"type":"if","locations":[{"start":{"line":38,"column":4},"end":{"line":43,"column":5}},{"start":{"line":38,"column":4},"end":{"line":43,"column":5}}],"line":38}},"s":{"0":1,"1":0,"2":0,"3":1,"4":0,"5":0,"6":0,"7":0,"8":0,"9":0,"10":1,"11":1,"12":1,"13":1,"14":1,"15":1,"16":1,"17":1,"18":1,"19":1,"20":1,"21":0,"22":0,"23":0,"24":0,"25":0,"26":1,"27":0,"28":0,"29":0,"30":0,"31":1,"32":1},"f":{"0":1,"1":0,"2":0,"3":1,"4":0,"5":0,"6":1,"7":1,"8":1,"9":1,"10":0,"11":0},"b":{"0":[1,1,1],"1":[0,0],"2":[1,1],"3":[1,0],"4":[1,1],"5":[1,1,1],"6":[1,0],"7":[1,1],"8":[1,0],"9":[1,1],"10":[1,0],"11":[0,0]},"inputSourceMap":{"version":3,"file":"C:/Users/Riina/KOOL TLU/WaterMeterApp/server/src/middleware/authMiddleWare.ts","sources":["C:/Users/Riina/KOOL TLU/WaterMeterApp/server/src/middleware/authMiddleWare.ts"],"names":[],"mappings":";;;;;;;;;;;;;;AACA,uFAA+D;AAG/D,MAAM,UAAU,GAAG,CAAO,GAAY,EAAE,GAAa,EAAE,IAAkB,EAAE,EAAE;;IACzE,MAAM,KAAK,GAAG,MAAA,GAAG,CAAC,OAAO,CAAC,aAAa,0CAAE,KAAK,CAAC,GAAG,EAAE,CAAC,CAAC,CAAC;IACvD,IAAI,CAAC,KAAK,EAAE;QACR,OAAO,GAAG,CAAC,MAAM,CAAC,GAAG,CAAC,CAAC,IAAI,CAAC;YACxB,OAAO,EAAE,KAAK;YACd,OAAO,EAAE,iBAAiB;SAC7B,CAAC,CAAC;KACN;IACD,IAAI;QACA,MAAM,OAAO,GAAG,MAAM,sBAAY,CAAC,MAAM,CAAC,KAAK,CAAC,CAAC;QACjD,GAAG,CAAC,MAAM,CAAC,IAAI,GAAG,OAAO,CAAA;KAC5B;IAAC,OAAO,KAAK,EAAE;QACZ,OAAO,GAAG,CAAC,MAAM,CAAC,GAAG,CAAC,CAAC,IAAI,CAAC;YACxB,OAAO,EAAE,KAAK;YACd,OAAO,EAAE,oBAAoB;SAChC,CAAC,CAAA;KACL;IAED,OAAO,IAAI,EAAE,CAAC;AAClB,CAAC,CAAA,CAAA;AAED,MAAM,OAAO,GAAG,CAAO,GAAY,EAAE,GAAa,EAAE,IAAkB,EAAE,EAAE;IACtE,IAAI,GAAG,CAAC,MAAM,CAAC,IAAI,CAAC,IAAI,KAAK,OAAO,EAAE;QAClC,OAAO,GAAG,CAAC,MAAM,CAAC,GAAG,CAAC,CAAC,IAAI,CAAC;YACxB,OAAO,EAAE,KAAK;YACd,OAAO,EAAE,sBAAsB;SAClC,CAAC,CAAA;KACL;IACD,OAAO,IAAI,EAAE,CAAC;AAClB,CAAC,CAAA,CAAA;AAED,MAAM,cAAc,GAAG;IACnB,UAAU;IACV,OAAO;CACV,CAAC;AAEF,kBAAe,cAAc,CAAC","sourcesContent":["import { Request, Response, NextFunction } from \"express\";\r\nimport authServices from \"../components/services/authServices\";\r\n\r\n\r\nconst isLoggedIn = async (req: Request, res: Response, next: NextFunction) => {\r\n    const token = req.headers.authorization?.split(' ')[1];\r\n    if (!token) {\r\n        return res.status(401).json({\r\n            success: false,\r\n            message: `Token not found`\r\n        });\r\n    }\r\n    try {\r\n        const decoded = await authServices.verify(token);\r\n        res.locals.user = decoded\r\n    } catch (error) {\r\n        return res.status(401).json({\r\n            success: false,\r\n            message: `Token is not valid`\r\n        })\r\n    }\r\n    \r\n    return next();\r\n}\r\n\r\nconst isAdmin = async (req: Request, res: Response, next: NextFunction) => {\r\n    if (res.locals.user.role !== 'Admin') {\r\n        return res.status(401).json({\r\n            success: false,\r\n            message: `You have to be admin`\r\n        })\r\n    }\r\n    return next();\r\n}\r\n\r\nconst authMiddleware = {\r\n    isLoggedIn,\r\n    isAdmin\r\n};\r\n\r\nexport default authMiddleware;"]},"_coverageSchema":"1a1c01bbd47fc00a2c39e90264f33305004495a9","hash":"c83d552e37d1d642c11c67880f55a1d682a75581","contentHash":"5f22aec41c44011bcfc07eabbc3bb45a9dbe82322596897e0a6354e70d057268"},"C:\\Users\\Riina\\KOOL TLU\\WaterMeterApp\\server\\src\\apiConfig.ts":{"path":"C:\\Users\\Riina\\KOOL TLU\\WaterMeterApp\\server\\src\\apiConfig.ts","statementMap":{"0":{"start":{"line":2,"column":22},"end":{"line":12,"column":3}},"1":{"start":{"line":3,"column":4},"end":{"line":3,"column":33}},"2":{"start":{"line":3,"column":26},"end":{"line":3,"column":33}},"3":{"start":{"line":4,"column":15},"end":{"line":4,"column":52}},"4":{"start":{"line":5,"column":4},"end":{"line":7,"column":5}},"5":{"start":{"line":6,"column":6},"end":{"line":6,"column":68}},"6":{"start":{"line":6,"column":51},"end":{"line":6,"column":63}},"7":{"start":{"line":8,"column":4},"end":{"line":8,"column":39}},"8":{"start":{"line":10,"column":4},"end":{"line":10,"column":33}},"9":{"start":{"line":10,"column":26},"end":{"line":10,"column":33}},"10":{"start":{"line":11,"column":4},"end":{"line":11,"column":17}},"11":{"start":{"line":13,"column":25},"end":{"line":17,"column":2}},"12":{"start":{"line":14,"column":4},"end":{"line":14,"column":72}},"13":{"start":{"line":16,"column":4},"end":{"line":16,"column":21}},"14":{"start":{"line":18,"column":19},"end":{"line":24,"column":1}},"15":{"start":{"line":19,"column":4},"end":{"line":19,"column":42}},"16":{"start":{"line":19,"column":31},"end":{"line":19,"column":42}},"17":{"start":{"line":20,"column":17},"end":{"line":20,"column":19}},"18":{"start":{"line":21,"column":4},"end":{"line":21,"column":141}},"19":{"start":{"line":21,"column":21},"end":{"line":21,"column":141}},"20":{"start":{"line":21,"column":40},"end":{"line":21,"column":141}},"21":{"start":{"line":21,"column":109},"end":{"line":21,"column":141}},"22":{"start":{"line":22,"column":4},"end":{"line":22,"column":36}},"23":{"start":{"line":23,"column":4},"end":{"line":23,"column":18}},"24":{"start":{"line":25,"column":0},"end":{"line":25,"column":62}},"25":{"start":{"line":26,"column":15},"end":{"line":26,"column":46}},"26":{"start":{"line":27,"column":0},"end":{"line":27,"column":16}},"27":{"start":{"line":28,"column":15},"end":{"line":40,"column":1}},"28":{"start":{"line":41,"column":0},"end":{"line":41,"column":25}}},"fnMap":{"0":{"name":"(anonymous_0)","decl":{"start":{"line":2,"column":74},"end":{"line":2,"column":75}},"loc":{"start":{"line":2,"column":96},"end":{"line":9,"column":1}},"line":2},"1":{"name":"(anonymous_1)","decl":{"start":{"line":6,"column":38},"end":{"line":6,"column":39}},"loc":{"start":{"line":6,"column":49},"end":{"line":6,"column":65}},"line":6},"2":{"name":"(anonymous_2)","decl":{"start":{"line":9,"column":6},"end":{"line":9,"column":7}},"loc":{"start":{"line":9,"column":28},"end":{"line":12,"column":1}},"line":9},"3":{"name":"(anonymous_3)","decl":{"start":{"line":13,"column":80},"end":{"line":13,"column":81}},"loc":{"start":{"line":13,"column":95},"end":{"line":15,"column":1}},"line":13},"4":{"name":"(anonymous_4)","decl":{"start":{"line":15,"column":5},"end":{"line":15,"column":6}},"loc":{"start":{"line":15,"column":20},"end":{"line":17,"column":1}},"line":15},"5":{"name":"(anonymous_5)","decl":{"start":{"line":18,"column":50},"end":{"line":18,"column":51}},"loc":{"start":{"line":18,"column":65},"end":{"line":24,"column":1}},"line":18}},"branchMap":{"0":{"loc":{"start":{"line":2,"column":22},"end":{"line":12,"column":3}},"type":"binary-expr","locations":[{"start":{"line":2,"column":23},"end":{"line":2,"column":27}},{"start":{"line":2,"column":31},"end":{"line":2,"column":51}},{"start":{"line":2,"column":57},"end":{"line":12,"column":2}}],"line":2},"1":{"loc":{"start":{"line":2,"column":57},"end":{"line":12,"column":2}},"type":"cond-expr","locations":[{"start":{"line":2,"column":74},"end":{"line":9,"column":1}},{"start":{"line":9,"column":6},"end":{"line":12,"column":1}}],"line":2},"2":{"loc":{"start":{"line":3,"column":4},"end":{"line":3,"column":33}},"type":"if","locations":[{"start":{"line":3,"column":4},"end":{"line":3,"column":33}},{"start":{"line":3,"column":4},"end":{"line":3,"column":33}}],"line":3},"3":{"loc":{"start":{"line":5,"column":4},"end":{"line":7,"column":5}},"type":"if","locations":[{"start":{"line":5,"column":4},"end":{"line":7,"column":5}},{"start":{"line":5,"column":4},"end":{"line":7,"column":5}}],"line":5},"4":{"loc":{"start":{"line":5,"column":8},"end":{"line":5,"column":85}},"type":"binary-expr","locations":[{"start":{"line":5,"column":8},"end":{"line":5,"column":13}},{"start":{"line":5,"column":18},"end":{"line":5,"column":84}}],"line":5},"5":{"loc":{"start":{"line":5,"column":18},"end":{"line":5,"column":84}},"type":"cond-expr","locations":[{"start":{"line":5,"column":34},"end":{"line":5,"column":47}},{"start":{"line":5,"column":50},"end":{"line":5,"column":84}}],"line":5},"6":{"loc":{"start":{"line":5,"column":50},"end":{"line":5,"column":84}},"type":"binary-expr","locations":[{"start":{"line":5,"column":50},"end":{"line":5,"column":63}},{"start":{"line":5,"column":67},"end":{"line":5,"column":84}}],"line":5},"7":{"loc":{"start":{"line":10,"column":4},"end":{"line":10,"column":33}},"type":"if","locations":[{"start":{"line":10,"column":4},"end":{"line":10,"column":33}},{"start":{"line":10,"column":4},"end":{"line":10,"column":33}}],"line":10},"8":{"loc":{"start":{"line":13,"column":25},"end":{"line":17,"column":2}},"type":"binary-expr","locations":[{"start":{"line":13,"column":26},"end":{"line":13,"column":30}},{"start":{"line":13,"column":34},"end":{"line":13,"column":57}},{"start":{"line":13,"column":63},"end":{"line":17,"column":1}}],"line":13},"9":{"loc":{"start":{"line":13,"column":63},"end":{"line":17,"column":1}},"type":"cond-expr","locations":[{"start":{"line":13,"column":80},"end":{"line":15,"column":1}},{"start":{"line":15,"column":5},"end":{"line":17,"column":1}}],"line":13},"10":{"loc":{"start":{"line":18,"column":19},"end":{"line":24,"column":1}},"type":"binary-expr","locations":[{"start":{"line":18,"column":20},"end":{"line":18,"column":24}},{"start":{"line":18,"column":28},"end":{"line":18,"column":45}},{"start":{"line":18,"column":50},"end":{"line":24,"column":1}}],"line":18},"11":{"loc":{"start":{"line":19,"column":4},"end":{"line":19,"column":42}},"type":"if","locations":[{"start":{"line":19,"column":4},"end":{"line":19,"column":42}},{"start":{"line":19,"column":4},"end":{"line":19,"column":42}}],"line":19},"12":{"loc":{"start":{"line":19,"column":8},"end":{"line":19,"column":29}},"type":"binary-expr","locations":[{"start":{"line":19,"column":8},"end":{"line":19,"column":11}},{"start":{"line":19,"column":15},"end":{"line":19,"column":29}}],"line":19},"13":{"loc":{"start":{"line":21,"column":4},"end":{"line":21,"column":141}},"type":"if","locations":[{"start":{"line":21,"column":4},"end":{"line":21,"column":141}},{"start":{"line":21,"column":4},"end":{"line":21,"column":141}}],"line":21},"14":{"loc":{"start":{"line":21,"column":40},"end":{"line":21,"column":141}},"type":"if","locations":[{"start":{"line":21,"column":40},"end":{"line":21,"column":141}},{"start":{"line":21,"column":40},"end":{"line":21,"column":141}}],"line":21},"15":{"loc":{"start":{"line":21,"column":44},"end":{"line":21,"column":107}},"type":"binary-expr","locations":[{"start":{"line":21,"column":44},"end":{"line":21,"column":59}},{"start":{"line":21,"column":63},"end":{"line":21,"column":107}}],"line":21}},"s":{"0":1,"1":2,"2":2,"3":2,"4":2,"5":2,"6":1,"7":2,"8":0,"9":0,"10":0,"11":1,"12":1,"13":0,"14":1,"15":1,"16":0,"17":1,"18":1,"19":1,"20":2,"21":2,"22":1,"23":1,"24":1,"25":1,"26":1,"27":1,"28":1},"f":{"0":2,"1":1,"2":0,"3":1,"4":0,"5":1},"b":{"0":[1,1,1],"1":[1,0],"2":[2,0],"3":[2,0],"4":[2,2],"5":[0,2],"6":[2,0],"7":[0,0],"8":[1,1,1],"9":[1,0],"10":[1,1,1],"11":[0,1],"12":[1,1],"13":[1,0],"14":[2,0],"15":[2,2]},"inputSourceMap":{"version":3,"file":"C:/Users/Riina/KOOL TLU/WaterMeterApp/server/src/apiConfig.ts","sources":["C:/Users/Riina/KOOL TLU/WaterMeterApp/server/src/apiConfig.ts"],"names":[],"mappings":";;;;;;;;;;;;;;;;;;;;;;;;;AAAA,+CAAiC;AAEjC,MAAM,CAAC,MAAM,EAAE,CAAC;AAEhB,MAAM,MAAM,GAAG;IACX,IAAI,EAAE,IAAI;IACV,SAAS,EAAE,OAAO,CAAC,GAAG,CAAC,UAAU;IACjC,UAAU,EAAE,OAAO,CAAC,GAAG,CAAC,UAAU;IAClC,OAAO,EAAE,SAAS;IAClB,EAAE,EAAE;QACA,IAAI,EAAE,OAAO,CAAC,GAAG,CAAC,OAAO;QACzB,QAAQ,EAAE,OAAO,CAAC,GAAG,CAAC,WAAW;QACjC,OAAO,EAAE,OAAO,CAAC,GAAG,CAAC,QAAQ;QAC7B,IAAI,EAAE,WAAW;QACjB,IAAI,EAAE,IAAI,EAAE,OAAO;KACtB;CACJ,CAAC;AAEF,kBAAe,MAAM,CAAC","sourcesContent":["import * as dotenv from \"dotenv\";\r\n\r\ndotenv.config();\r\n\r\nconst config = {\r\n    port: 3050,\r\n    jwtSecret: process.env.JWT_SECRET,\r\n    saltRounds: process.env.SALTROUNDS,\r\n    apiPath: '/api/v1',\r\n    db: {\r\n        user: process.env.DB_USER,\r\n        password: process.env.DB_PASSWORD,\r\n        databas: process.env.DATABASE,\r\n        host: 'localhost',\r\n        port: 3306, //3306?\r\n    }\r\n};\r\n\r\nexport default config;"]},"_coverageSchema":"1a1c01bbd47fc00a2c39e90264f33305004495a9","hash":"bf9a4f5328265d067be8e901e1135456991365ca","contentHash":"91a455c252add5677f039ab671fb662d5de3e7c118ce9c6b9ba5b07ee8000cb5"}}